[+] Containers:
 |- [+] Container: /Game/FirstPerson/Maps/FirstPersonMap
 |   |- [+] ActorDescs:
 |   |   |- Guid:0B73EA99479BCF459399069B0B39241A BaseClass: NativeClass:/Script/Engine.StaticMeshActor Name:StaticMeshActor_UAID_C4651605F210C1A802_1386543871 Label:Cube6 SpatiallyLoaded:1 Bounds:IsValid=true, Min=(X=-7.500 Y=52.500 Z=1295.000), Max=(X=67.500 Y=6927.500 Z=2345.000) RuntimeGrid:None EditorOnly:0 RuntimeOnly:0 HLODRelevant:1 ListedInSceneOutliner:1 IsMainWorldOnly:0
 |   |   |- Guid:0E18776F4FCA9F88720C34B47CDD2596 BaseClass: NativeClass:/Script/Engine.StaticMeshActor Name:StaticMeshActor_UAID_C4651605F210BEA802_1674340352 Label:Cube21 SpatiallyLoaded:1 Bounds:IsValid=true, Min=(X=-0.000 Y=-0.000 Z=-5.000), Max=(X=3000.000 Y=100.000 Z=1245.000) RuntimeGrid:None EditorOnly:0 RuntimeOnly:0 HLODRelevant:1 ListedInSceneOutliner:1 IsMainWorldOnly:0
 |   |   |- Guid:0E2D95134479178203CB44B09EA0A0C5 BaseClass: NativeClass:/Script/Engine.StaticMeshActor Name:StaticMeshActor_UAID_8C47BE31D32CDCA602_1758014511 Label:Cube9 SpatiallyLoaded:1 Bounds:IsValid=true, Min=(X=2900.000 Y=5412.500 Z=5.000), Max=(X=3000.000 Y=6887.500 Z=555.000) RuntimeGrid:None EditorOnly:0 RuntimeOnly:0 HLODRelevant:1 ListedInSceneOutliner:1 IsMainWorldOnly:0
 |   |   |- Guid:0E85CA5744656E9067FEE382435F7578 BaseClass: NativeClass:/Script/Engine.StaticMeshActor Name:StaticMeshActor_UAID_8C47BE31D32C10A702_1384501672 Label:SM_Cube7 SpatiallyLoaded:1 Bounds:IsValid=true, Min=(X=0.000 Y=0.000 Z=1250.000), Max=(X=3000.000 Y=3500.000 Z=1300.000) RuntimeGrid:None EditorOnly:0 RuntimeOnly:0 HLODRelevant:1 ListedInSceneOutliner:1 IsMainWorldOnly:0 FolderPath:Playground FolderGuid:6C02BB504B69D1F3D7A624B130C18E5B
 |   |   |- Guid:1D8E91A949C71AF1DC46DC8BCAD864B9 BaseClass: NativeClass:/Script/Engine.StaticMeshActor Name:StaticMeshActor_UAID_8C47BE31D32C0FA702_1984761490 Label:Cube13 SpatiallyLoaded:1 Bounds:IsValid=true, Min=(X=2900.000 Y=102.500 Z=5.000), Max=(X=3000.000 Y=1577.500 Z=555.000) RuntimeGrid:None EditorOnly:0 RuntimeOnly:0 HLODRelevant:1 ListedInSceneOutliner:1 IsMainWorldOnly:0
 |   |   |- Guid:20A577424AD64D239B49CA9CFE608F16 BaseClass: NativeClass:/Script/Engine.StaticMeshActor Name:StaticMeshActor_UAID_8C47BE31D32C0FA702_2010635491 Label:Cube14 SpatiallyLoaded:1 Bounds:IsValid=true, Min=(X=2900.000 Y=2022.500 Z=5.000), Max=(X=3000.000 Y=3497.500 Z=555.000) RuntimeGrid:None EditorOnly:0 RuntimeOnly:0 HLODRelevant:1 ListedInSceneOutliner:1 IsMainWorldOnly:0
 |   |   |- Guid:293521A84DDC40A3B57BFC97B0E6CDDC BaseClass: NativeClass:/Script/Engine.StaticMeshActor Name:StaticMeshActor_UAID_8C47BE31D32CDCA602_1480814517 Label:Cube8 SpatiallyLoaded:1 Bounds:IsValid=true, Min=(X=2900.000 Y=3490.000 Z=5.000), Max=(X=3000.000 Y=5090.000 Z=555.000) RuntimeGrid:None EditorOnly:0 RuntimeOnly:0 HLODRelevant:1 ListedInSceneOutliner:1 IsMainWorldOnly:0
 |   |   |- Guid:2D75DE684EBD16A29C188AB3A5F134F7 BaseClass: NativeClass:/Script/Engine.StaticMeshActor Name:StaticMeshActor_UAID_C4651605F210BEA802_1602142351 Label:Cube20 SpatiallyLoaded:1 Bounds:IsValid=true, Min=(X=100.000 Y=3500.000 Z=-7.500), Max=(X=1300.000 Y=3600.000 Z=567.500) RuntimeGrid:None EditorOnly:0 RuntimeOnly:0 HLODRelevant:1 ListedInSceneOutliner:1 IsMainWorldOnly:0
 |   |   |- Guid:3394656244FA225E438E8998DF7D598B BaseClass: NativeClass:/Script/Engine.StaticMeshActor Name:StaticMeshActor_UAID_8C47BE31D32CDBA602_1091957336 Label:SM_SkySphere2 SpatiallyLoaded:0 Bounds:IsValid=true, Min=(X=-1638400.000 Y=-1638400.000 Z=-1638400.000), Max=(X=1638400.000 Y=1638400.000 Z=1638400.000) RuntimeGrid:None EditorOnly:0 RuntimeOnly:0 HLODRelevant:0 ListedInSceneOutliner:1 IsMainWorldOnly:0 FolderPath:Lighting FolderGuid:0BA5F0A04EADB18E70D5B180D08FA34B
 |   |   |- Guid:3D8247974E1D08C8B95195BA0E6A166C BaseClass: NativeClass:/Script/Engine.StaticMeshActor Name:StaticMeshActor_UAID_8C47BE31D32CD0A602_1297663400 Label:Cube3 SpatiallyLoaded:1 Bounds:IsValid=true, Min=(X=-0.000 Y=3532.500 Z=-5.000), Max=(X=100.000 Y=6907.500 Z=1245.000) RuntimeGrid:None EditorOnly:0 RuntimeOnly:0 HLODRelevant:1 ListedInSceneOutliner:1 IsMainWorldOnly:0
 |   |   |- Guid:425176A24E9DC11CC70D4A80A655F89D BaseClass: NativeClass:/Script/Engine.StaticMeshActor Name:StaticMeshActor_UAID_8C47BE31D32C14A702_1475467368 Label:round_wooden_table_02_1k2 SpatiallyLoaded:1 Bounds:IsValid=true, Min=(X=100.478 Y=4850.430 Z=-0.000), Max=(X=299.522 Y=5029.570 Z=205.157) RuntimeGrid:None EditorOnly:0 RuntimeOnly:0 HLODRelevant:1 ListedInSceneOutliner:1 IsMainWorldOnly:0
 |   |   |- Guid:450AD2C245661B323590D886EBD1B523 BaseClass: NativeClass:/Script/Engine.StaticMeshActor Name:StaticMeshActor_UAID_C4651605F21014A902_1460894482 Label:Cube27 SpatiallyLoaded:1 Bounds:IsValid=true, Min=(X=5970.000 Y=0.000 Z=-5.000), Max=(X=8970.000 Y=100.000 Z=1245.000) RuntimeGrid:None EditorOnly:0 RuntimeOnly:0 HLODRelevant:1 ListedInSceneOutliner:1 IsMainWorldOnly:0
 |   |   |- Guid:45F686C54F01621BDC4DBEAB1F9F0B0F BaseClass: NativeClass:/Script/Engine.StaticMeshActor Name:StaticMeshActor_UAID_C4651605F210BEA802_1304440348 Label:Cube17 SpatiallyLoaded:1 Bounds:IsValid=true, Min=(X=3002.500 Y=3487.500 Z=550.000), Max=(X=5977.500 Y=3612.500 Z=1250.000) RuntimeGrid:None EditorOnly:0 RuntimeOnly:0 HLODRelevant:1 ListedInSceneOutliner:1 IsMainWorldOnly:0
 |   |   |- Guid:4FC4FC3743BCD38D0FE450B7BBA2CCF6 BaseClass: NativeClass:/Script/Engine.StaticMeshActor Name:StaticMeshActor_UAID_C4651605F210BEA802_1209903345 Label:Cube24 SpatiallyLoaded:1 Bounds:IsValid=true, Min=(X=4642.500 Y=3487.500 Z=5.000), Max=(X=5917.500 Y=3612.500 Z=555.000) RuntimeGrid:None EditorOnly:0 RuntimeOnly:0 HLODRelevant:1 ListedInSceneOutliner:1 IsMainWorldOnly:0
 |   |   |- Guid:507AF0B3472C8D181573C9BCBA561E88 BaseClass: NativeClass:/Script/Engine.StaticMeshActor Name:StaticMeshActor_UAID_C4651605F2103CA902_2092879527 Label:Cube34 SpatiallyLoaded:1 Bounds:IsValid=true, Min=(X=5970.000 Y=6890.000 Z=-5.000), Max=(X=8970.000 Y=6990.000 Z=1245.000) RuntimeGrid:None EditorOnly:0 RuntimeOnly:0 HLODRelevant:1 ListedInSceneOutliner:1 IsMainWorldOnly:0
 |   |   |- Guid:5AB927AA45FBBA1CF804F6A202CED9A3 BaseClass: NativeClass:/Script/Engine.StaticMeshActor Name:StaticMeshActor_UAID_C4651605F210BEA802_1576754350 Label:Cube5 SpatiallyLoaded:1 Bounds:IsValid=true, Min=(X=5900.000 Y=3490.000 Z=550.000), Max=(X=6000.000 Y=6890.000 Z=1250.000) RuntimeGrid:None EditorOnly:0 RuntimeOnly:0 HLODRelevant:1 ListedInSceneOutliner:1 IsMainWorldOnly:0
 |   |   |- Guid:5D0B6FCA4048A24269AEA9BFF2E1C920 BaseClass: NativeClass:/Script/Engine.StaticMeshActor Name:StaticMeshActor_UAID_C4651605F210BEA802_1189830344 Label:Cube11 SpatiallyLoaded:1 Bounds:IsValid=true, Min=(X=5900.000 Y=3490.000 Z=5.000), Max=(X=6000.000 Y=5090.000 Z=555.000) RuntimeGrid:None EditorOnly:0 RuntimeOnly:0 HLODRelevant:1 ListedInSceneOutliner:1 IsMainWorldOnly:0
 |   |   |- Guid:5FE7584649BB6F09265329A6C57CFD0D BaseClass: NativeClass:/Script/Engine.VolumetricCloud Name:VolumetricCloud_0 Label:VolumetricCloud SpatiallyLoaded:0 Bounds:IsValid=true, Min=(X=0.000 Y=0.000 Z=820.000), Max=(X=0.000 Y=0.000 Z=820.000) RuntimeGrid:None EditorOnly:0 RuntimeOnly:0 HLODRelevant:0 ListedInSceneOutliner:1 IsMainWorldOnly:0 FolderPath:Lighting FolderGuid:0BA5F0A04EADB18E70D5B180D08FA34B
 |   |   |- Guid:61391D344900612A77DFC3BA3E354907 BaseClass: NativeClass:/Script/Engine.ExponentialHeightFog Name:ExponentialHeightFog_0 Label:ExponentialHeightFog SpatiallyLoaded:0 Bounds:IsValid=true, Min=(X=-5600.000 Y=-50.000 Z=-6850.000), Max=(X=-5600.000 Y=-50.000 Z=-6850.000) RuntimeGrid:None EditorOnly:0 RuntimeOnly:0 HLODRelevant:0 ListedInSceneOutliner:1 IsMainWorldOnly:0 FolderPath:Lighting FolderGuid:0BA5F0A04EADB18E70D5B180D08FA34B
 |   |   |- Guid:62BDC38446A9CB7DEB2A648A64B1DA75 BaseClass: NativeClass:/Script/Engine.StaticMeshActor Name:StaticMeshActor_UAID_8C47BE31D32C15A702_1881581547 Label:Chandelier_01_1k SpatiallyLoaded:1 Bounds:IsValid=true, Min=(X=1060.139 Y=5109.222 Z=1030.476), Max=(X=1340.059 Y=5394.664 Z=1250.000) RuntimeGrid:None EditorOnly:0 RuntimeOnly:0 HLODRelevant:1 ListedInSceneOutliner:1 IsMainWorldOnly:0
 |   |   |- Guid:65AE5566482AA8230FB5BA8B16BDBAE9 BaseClass: NativeClass:/Script/Engine.StaticMeshActor Name:StaticMeshActor_UAID_C4651605F2103DA902_1075075704 Label:Cube35 SpatiallyLoaded:1 Bounds:IsValid=true, Min=(X=8900.000 Y=3377.500 Z=-5.000), Max=(X=9000.000 Y=6902.500 Z=1245.000) RuntimeGrid:None EditorOnly:0 RuntimeOnly:0 HLODRelevant:1 ListedInSceneOutliner:1 IsMainWorldOnly:0
 |   |   |- Guid:686292B7467A30F186B17FB779FC94A0 BaseClass: NativeClass:/Script/Engine.StaticMeshActor Name:StaticMeshActor_UAID_C4651605F210BEA802_1222499346 Label:Cube19 SpatiallyLoaded:1 Bounds:IsValid=true, Min=(X=5900.000 Y=5412.500 Z=5.000), Max=(X=6000.000 Y=6887.500 Z=555.000) RuntimeGrid:None EditorOnly:0 RuntimeOnly:0 HLODRelevant:1 ListedInSceneOutliner:1 IsMainWorldOnly:0
 |   |   |- Guid:6F901E5542FCB608594297B49C2C04A0 BaseClass: NativeClass:/Script/Engine.StaticMeshActor Name:StaticMeshActor_UAID_8C47BE31D32C16A702_1836669728 Label:Cube SpatiallyLoaded:1 Bounds:IsValid=true, Min=(X=7015.000 Y=4705.000 Z=-22.500), Max=(X=8165.000 Y=5855.000 Z=2.500) RuntimeGrid:None EditorOnly:0 RuntimeOnly:0 HLODRelevant:1 ListedInSceneOutliner:1 IsMainWorldOnly:0
 |   |   |- Guid:6FEFB3BD4EB37B849EF0D4AC80F83855 BaseClass: NativeClass:/Script/Engine.WorldDataLayers Name:WorldDataLayers Label:WorldDataLayers SpatiallyLoaded:0 Bounds:IsValid=true, Min=(X=0.000 Y=0.000 Z=0.000), Max=(X=0.000 Y=0.000 Z=0.000) RuntimeGrid:None EditorOnly:0 RuntimeOnly:0 HLODRelevant:0 ListedInSceneOutliner:1 IsMainWorldOnly:1
 |   |   |- Guid:70A0E7014B854FA9A273C7B740C9D3C8 BaseClass: NativeClass:/Script/Engine.StaticMeshActor Name:StaticMeshActor_UAID_8C47BE31D32CE0A602_1223301216 Label:GothicBed_01_1k SpatiallyLoaded:1 Bounds:IsValid=true, Min=(X=111.413 Y=5026.583 Z=-0.000), Max=(X=825.413 Y=5586.740 Z=498.498) RuntimeGrid:None EditorOnly:0 RuntimeOnly:0 HLODRelevant:1 ListedInSceneOutliner:1 IsMainWorldOnly:0
 |   |   |- Guid:73D7D3BF4FA19B1AC1071FB768DDB32B BaseClass: NativeClass:/Script/Engine.StaticMeshActor Name:StaticMeshActor_UAID_C4651605F21014A902_1425585481 Label:Cube26 SpatiallyLoaded:1 Bounds:IsValid=true, Min=(X=3000.000 Y=0.000 Z=-5.000), Max=(X=6000.000 Y=100.000 Z=1245.000) RuntimeGrid:None EditorOnly:0 RuntimeOnly:0 HLODRelevant:1 ListedInSceneOutliner:1 IsMainWorldOnly:0
 |   |   |- Guid:78CAF7514C7533F30BD2F19A017AAB65 BaseClass: NativeClass:/Script/Engine.StaticMeshActor Name:StaticMeshActor_0 Label:SM_Cube SpatiallyLoaded:1 Bounds:IsValid=true, Min=(X=0.000 Y=0.000 Z=-50.000), Max=(X=3000.000 Y=3500.000 Z=0.000) RuntimeGrid:None EditorOnly:0 RuntimeOnly:0 HLODRelevant:1 ListedInSceneOutliner:1 IsMainWorldOnly:0 FolderPath:Playground FolderGuid:6C02BB504B69D1F3D7A624B130C18E5B
 |   |   |- Guid:7B5E939F465114D4D4B7778235C3448F BaseClass: NativeClass:/Script/Engine.StaticMeshActor Name:StaticMeshActor_UAID_8C47BE31D32CDEA602_1678595868 Label:potted_plant_02_leaves1 SpatiallyLoaded:1 Bounds:IsValid=true, Min=(X=2740.584 Y=3596.953 Z=111.299), Max=(X=2863.287 Y=3693.437 Z=206.185) RuntimeGrid:None EditorOnly:0 RuntimeOnly:0 HLODRelevant:1 ListedInSceneOutliner:1 IsMainWorldOnly:0
 |   |   |- Guid:7EFE0B32484528BA8876C89A0780FAAC BaseClass: NativeClass:/Script/Engine.StaticMeshActor Name:StaticMeshActor_UAID_C4651605F2103CA902_1941356525 Label:Cube32 SpatiallyLoaded:1 Bounds:IsValid=true, Min=(X=11900.000 Y=2.500 Z=-5.000), Max=(X=12000.000 Y=3477.500 Z=1245.000) RuntimeGrid:None EditorOnly:0 RuntimeOnly:0 HLODRelevant:1 ListedInSceneOutliner:1 IsMainWorldOnly:0
 |   |   |- Guid:8189D26E4F6B7A64619C9E908B4530B4 BaseClass: NativeClass:/Script/Engine.StaticMeshActor Name:StaticMeshActor_UAID_8C47BE31D32CDEA602_1673119867 Label:potted_plant_02_1k_potted_plant_02_leaves SpatiallyLoaded:1 Bounds:IsValid=true, Min=(X=2720.334 Y=3657.969 Z=130.866), Max=(X=2790.450 Y=3722.291 Z=194.123) RuntimeGrid:None EditorOnly:0 RuntimeOnly:0 HLODRelevant:1 ListedInSceneOutliner:1 IsMainWorldOnly:0
 |   |   |- Guid:823A7914441B1B11DEC6AF993B26655F BaseClass: NativeClass:/Script/Engine.StaticMeshActor Name:StaticMeshActor_UAID_C4651605F2103CA902_1865379524 Label:Cube31 SpatiallyLoaded:1 Bounds:IsValid=true, Min=(X=8970.000 Y=0.000 Z=-5.000), Max=(X=11970.000 Y=100.000 Z=1245.000) RuntimeGrid:None EditorOnly:0 RuntimeOnly:0 HLODRelevant:1 ListedInSceneOutliner:1 IsMainWorldOnly:0
 |   |   |- Guid:8314C3324CE21D7E216B2D9BF1F8627C BaseClass: NativeClass:/Script/Engine.StaticMeshActor Name:StaticMeshActor_UAID_8C47BE31D32C0FA702_1766345487 Label:Cube10 SpatiallyLoaded:1 Bounds:IsValid=true, Min=(X=-0.000 Y=95.000 Z=-5.000), Max=(X=100.000 Y=3545.000 Z=1245.000) RuntimeGrid:None EditorOnly:0 RuntimeOnly:0 HLODRelevant:1 ListedInSceneOutliner:1 IsMainWorldOnly:0
 |   |   |- Guid:90A9D7254A646ED4C8E4F7875265D389 BaseClass: NativeClass:/Script/Engine.StaticMeshActor Name:StaticMeshActor_UAID_8C47BE31D32CDAA602_1902103160 Label:SM_Cube5 SpatiallyLoaded:1 Bounds:IsValid=true, Min=(X=3000.000 Y=3500.000 Z=-50.000), Max=(X=6000.000 Y=7000.000 Z=0.000) RuntimeGrid:None EditorOnly:0 RuntimeOnly:0 HLODRelevant:1 ListedInSceneOutliner:1 IsMainWorldOnly:0 FolderPath:Playground FolderGuid:6C02BB504B69D1F3D7A624B130C18E5B
 |   |   |- Guid:93BF99244FB9C46C8CE15295E3C3F4DB BaseClass: NativeClass:/Script/Engine.StaticMeshActor Name:StaticMeshActor_UAID_8C47BE31D32CB5A602_1707000647 Label:SM_Cube2 SpatiallyLoaded:1 Bounds:IsValid=true, Min=(X=0.000 Y=3500.000 Z=-50.000), Max=(X=3000.000 Y=7000.000 Z=0.000) RuntimeGrid:None EditorOnly:0 RuntimeOnly:0 HLODRelevant:1 ListedInSceneOutliner:1 IsMainWorldOnly:0 FolderPath:Playground FolderGuid:6C02BB504B69D1F3D7A624B130C18E5B
 |   |   |- Guid:95E6116A4BBE0FECF4E75482E2E7EE8B BaseClass: NativeClass:/Script/Engine.StaticMeshActor Name:StaticMeshActor_UAID_C4651605F21013A902_1598019304 Label:Cube25 SpatiallyLoaded:1 Bounds:IsValid=true, Min=(X=5922.500 Y=3512.500 Z=1295.000), Max=(X=5997.500 Y=6987.500 Z=2345.000) RuntimeGrid:None EditorOnly:0 RuntimeOnly:0 HLODRelevant:1 ListedInSceneOutliner:1 IsMainWorldOnly:0
 |   |   |- Guid:9739D3AF4BEC45696FE8BAB2B05D62ED BaseClass: NativeClass:/Script/Engine.StaticMeshActor Name:StaticMeshActor_UAID_8C47BE31D32CDEA602_1348715865 Label:potted_plant_02_1k_potted_plant_02_pot SpatiallyLoaded:1 Bounds:IsValid=true, Min=(X=2710.171 Y=3610.984 Z=0.928), Max=(X=2852.416 Y=3753.229 Z=135.385) RuntimeGrid:None EditorOnly:0 RuntimeOnly:0 HLODRelevant:1 ListedInSceneOutliner:1 IsMainWorldOnly:0
 |   |   |- Guid:9D48C94A45657A3F4B175A90D1EB1162 BaseClass: NativeClass:/Script/Engine.StaticMeshActor Name:StaticMeshActor_UAID_C4651605F210BEA802_1267082347 Label:SM_Cube4 SpatiallyLoaded:1 Bounds:IsValid=true, Min=(X=3000.000 Y=0.000 Z=-50.000), Max=(X=6000.000 Y=3500.000 Z=0.000) RuntimeGrid:None EditorOnly:0 RuntimeOnly:0 HLODRelevant:1 ListedInSceneOutliner:1 IsMainWorldOnly:0 FolderPath:Playground FolderGuid:6C02BB504B69D1F3D7A624B130C18E5B
 |   |   |- Guid:9EFF844F49BEBF20D336E2856CB8C37F BaseClass: NativeClass:/Script/Engine.StaticMeshActor Name:StaticMeshActor_UAID_8C47BE31D32C14A702_1455903367 Label:round_wooden_table_02_1k SpatiallyLoaded:1 Bounds:IsValid=true, Min=(X=100.478 Y=5630.430 Z=-0.000), Max=(X=299.522 Y=5809.570 Z=205.157) RuntimeGrid:None EditorOnly:0 RuntimeOnly:0 HLODRelevant:1 ListedInSceneOutliner:1 IsMainWorldOnly:0
 |   |   |- Guid:A03F1125433E0064B5800DA387337FFD BaseClass: NativeClass:/Script/Engine.StaticMeshActor Name:StaticMeshActor_UAID_8C47BE31D32CD0A602_1525067399 Label:Cube4 SpatiallyLoaded:1 Bounds:IsValid=true, Min=(X=2900.000 Y=3490.000 Z=550.000), Max=(X=3000.000 Y=6890.000 Z=1250.000) RuntimeGrid:None EditorOnly:0 RuntimeOnly:0 HLODRelevant:1 ListedInSceneOutliner:1 IsMainWorldOnly:0
 |   |   |- Guid:A354B1B24E617A525DC6B48CCDE2417E BaseClass: NativeClass:/Script/Engine.PlayerStart Name:PlayerStart_0 Label:PlayerStart SpatiallyLoaded:0 Bounds:IsValid=true, Min=(X=970.000 Y=5930.000 Z=0.013), Max=(X=1050.000 Y=6010.000 Z=184.013) RuntimeGrid:None EditorOnly:0 RuntimeOnly:0 HLODRelevant:0 ListedInSceneOutliner:1 IsMainWorldOnly:0
 |   |   |- Guid:ABA58C444510E18ECF69F199BDAF2EBE BaseClass: NativeClass:/Script/Engine.StaticMeshActor Name:StaticMeshActor_UAID_8C47BE31D32C10A702_1264029669 Label:Cube16 SpatiallyLoaded:1 Bounds:IsValid=true, Min=(X=1677.500 Y=3500.000 Z=5.000), Max=(X=2902.500 Y=3600.000 Z=555.000) RuntimeGrid:None EditorOnly:0 RuntimeOnly:0 HLODRelevant:1 ListedInSceneOutliner:1 IsMainWorldOnly:0
 |   |   |- Guid:AD2BAEEC4E9965B9E8F7029FFAD10ABC BaseClass: NativeClass:/Script/Engine.StaticMeshActor Name:StaticMeshActor_UAID_C4651605F2103DA902_1237874705 Label:SM_Cube8 SpatiallyLoaded:1 Bounds:IsValid=true, Min=(X=2990.000 Y=3500.000 Z=2340.000), Max=(X=5990.000 Y=7000.000 Z=2390.000) RuntimeGrid:None EditorOnly:0 RuntimeOnly:0 HLODRelevant:1 ListedInSceneOutliner:1 IsMainWorldOnly:0 FolderPath:Playground FolderGuid:6C02BB504B69D1F3D7A624B130C18E5B
 |   |   |- Guid:B066B68B4F190E7CE35BC4BEED99AC19 BaseClass: NativeClass:/Script/Engine.StaticMeshActor Name:StaticMeshActor_UAID_C4651605F2103CA902_2010496526 Label:Cube33 SpatiallyLoaded:1 Bounds:IsValid=true, Min=(X=9000.000 Y=3380.000 Z=-5.000), Max=(X=12000.000 Y=3480.000 Z=1245.000) RuntimeGrid:None EditorOnly:0 RuntimeOnly:0 HLODRelevant:1 ListedInSceneOutliner:1 IsMainWorldOnly:0
 |   |   |- Guid:B0FB13D9470F1F3BD40F538809C8FFFC BaseClass: NativeClass:/Script/Engine.StaticMeshActor Name:StaticMeshActor_UAID_C4651605F21012A902_2101044127 Label:Cube22 SpatiallyLoaded:1 Bounds:IsValid=true, Min=(X=5.000 Y=6922.500 Z=1295.000), Max=(X=5955.000 Y=6997.500 Z=2345.000) RuntimeGrid:None EditorOnly:0 RuntimeOnly:0 HLODRelevant:1 ListedInSceneOutliner:1 IsMainWorldOnly:0
 |   |   |- Guid:B3B9FF594220E2D9F51A5F8584B1A538 BaseClass: NativeClass:/Script/Engine.StaticMeshActor Name:StaticMeshActor_UAID_8C47BE31D32CDFA602_1502362039 Label:gothic_coffee_table_1k SpatiallyLoaded:1 Bounds:IsValid=true, Min=(X=121.650 Y=3673.701 Z=0.069), Max=(X=518.499 Y=4106.629 Z=139.763) RuntimeGrid:None EditorOnly:0 RuntimeOnly:0 HLODRelevant:1 ListedInSceneOutliner:1 IsMainWorldOnly:0
 |   |   |- Guid:B543A4AF4ED2E47E47D6138DB6F9761E BaseClass: NativeClass:/Script/Engine.StaticMeshActor Name:StaticMeshActor_UAID_8C47BE31D32C0FA702_1925082489 Label:Cube12 SpatiallyLoaded:1 Bounds:IsValid=true, Min=(X=2900.000 Y=100.000 Z=550.000), Max=(X=3000.000 Y=3500.000 Z=1250.000) RuntimeGrid:None EditorOnly:0 RuntimeOnly:0 HLODRelevant:1 ListedInSceneOutliner:1 IsMainWorldOnly:0
 |   |   |- Guid:B89F725C47D7A4D30F8FA3B22D004C75 BaseClass: NativeClass:/Script/Engine.StaticMeshActor Name:StaticMeshActor_UAID_8C47BE31D32C14A702_1902098369 Label:SM_Cube9 SpatiallyLoaded:1 Bounds:IsValid=true, Min=(X=6000.000 Y=3500.000 Z=-50.000), Max=(X=9000.000 Y=7000.000 Z=0.000) RuntimeGrid:None EditorOnly:0 RuntimeOnly:0 HLODRelevant:1 ListedInSceneOutliner:1 IsMainWorldOnly:0 FolderPath:Playground FolderGuid:6C02BB504B69D1F3D7A624B130C18E5B
 |   |   |- Guid:BB21AD814EE7A806E2CEC8B9B0B008E9 BaseClass: NativeClass:/Script/Engine.StaticMeshActor Name:StaticMeshActor_UAID_C4651605F2103CA902_1837475523 Label:SM_Cube11 SpatiallyLoaded:1 Bounds:IsValid=true, Min=(X=9000.000 Y=0.000 Z=-50.000), Max=(X=12000.000 Y=3500.000 Z=0.000) RuntimeGrid:None EditorOnly:0 RuntimeOnly:0 HLODRelevant:1 ListedInSceneOutliner:1 IsMainWorldOnly:0 FolderPath:Playground FolderGuid:6C02BB504B69D1F3D7A624B130C18E5B
 |   |   |- Guid:BE6AD21644E59F5DA71BF6AB4BC14EB9 BaseClass: NativeClass:/Script/Engine.StaticMeshActor Name:StaticMeshActor_UAID_8C47BE31D32C0FA702_2138710492 Label:Cube15 SpatiallyLoaded:1 Bounds:IsValid=true, Min=(X=100.000 Y=3500.000 Z=550.000), Max=(X=2900.000 Y=3600.000 Z=1250.000) RuntimeGrid:None EditorOnly:0 RuntimeOnly:0 HLODRelevant:1 ListedInSceneOutliner:1 IsMainWorldOnly:0
 |   |   |- Guid:BF2F0530467DDB871612739D214EB2D3 BaseClass: NativeClass:/Script/Engine.StaticMeshActor Name:StaticMeshActor_UAID_8C47BE31D32CD0A602_1892290400 Label:SM_Cube3 SpatiallyLoaded:1 Bounds:IsValid=true, Min=(X=0.000 Y=3500.000 Z=1250.000), Max=(X=3000.000 Y=7000.000 Z=1300.000) RuntimeGrid:None EditorOnly:0 RuntimeOnly:0 HLODRelevant:1 ListedInSceneOutliner:1 IsMainWorldOnly:0 FolderPath:Playground FolderGuid:6C02BB504B69D1F3D7A624B130C18E5B
 |   |   |- Guid:C0B340804F6433A996FCC3B5B15B976B BaseClass: NativeClass:/Script/Engine.StaticMeshActor Name:StaticMeshActor_UAID_8C47BE31D32C10A702_1376463671 Label:Cube18 SpatiallyLoaded:1 Bounds:IsValid=true, Min=(X=2900.000 Y=5412.500 Z=5.000), Max=(X=3000.000 Y=6887.500 Z=555.000) RuntimeGrid:None EditorOnly:0 RuntimeOnly:0 HLODRelevant:1 ListedInSceneOutliner:1 IsMainWorldOnly:0
 |   |   |- Guid:C0C56B9644AE3D40CAFF6A878DB29844 BaseClass: NativeClass:/Script/Engine.StaticMeshActor Name:StaticMeshActor_UAID_A4AE111137DC5EFB00_2001720423 Label:SM_SkySphere SpatiallyLoaded:0 Bounds:IsValid=true, Min=(X=-1638400.000 Y=-1638400.000 Z=-1638400.000), Max=(X=1638400.000 Y=1638400.000 Z=1638400.000) RuntimeGrid:None EditorOnly:0 RuntimeOnly:0 HLODRelevant:1 ListedInSceneOutliner:1 IsMainWorldOnly:0 FolderPath:Lighting FolderGuid:0BA5F0A04EADB18E70D5B180D08FA34B
 |   |   |- Guid:C22CE07C4B87D685137FDBBC10FC92C6 BaseClass: NativeClass:/Script/Engine.SkyAtmosphere Name:SkyAtmosphere_0 Label:SkyAtmosphere SpatiallyLoaded:0 Bounds:IsValid=true, Min=(X=0.000 Y=0.000 Z=1020.000), Max=(X=0.000 Y=0.000 Z=1020.000) RuntimeGrid:None EditorOnly:0 RuntimeOnly:0 HLODRelevant:0 ListedInSceneOutliner:1 IsMainWorldOnly:0 FolderPath:Lighting FolderGuid:0BA5F0A04EADB18E70D5B180D08FA34B
 |   |   |- Guid:C37E826C40532C14CF07469D8A3C7418 BaseClass: NativeClass:/Script/Engine.StaticMeshActor Name:StaticMeshActor_UAID_C4651605F2103CA902_1761578520 Label:Cube29 SpatiallyLoaded:1 Bounds:IsValid=true, Min=(X=5900.000 Y=102.500 Z=5.000), Max=(X=6000.000 Y=1577.500 Z=555.000) RuntimeGrid:None EditorOnly:0 RuntimeOnly:0 HLODRelevant:1 ListedInSceneOutliner:1 IsMainWorldOnly:0
 |   |   |- Guid:CA5DC35C4899B8DC81457F9D61259931 BaseClass: NativeClass:/Script/Engine.StaticMeshActor Name:StaticMeshActor_UAID_8C47BE31D32C10A702_1732420678 Label:Cube23 SpatiallyLoaded:1 Bounds:IsValid=true, Min=(X=2992.500 Y=3487.500 Z=5.000), Max=(X=4267.500 Y=3612.500 Z=555.000) RuntimeGrid:None EditorOnly:0 RuntimeOnly:0 HLODRelevant:1 ListedInSceneOutliner:1 IsMainWorldOnly:0
 |   |   |- Guid:CDA553B84D47F9165FA9FB86EF876747 BaseClass: NativeClass:/Script/Engine.StaticMeshActor Name:StaticMeshActor_UAID_8C47BE31D32C14A702_1932156370 Label:SM_Cube10 SpatiallyLoaded:1 Bounds:IsValid=true, Min=(X=6000.000 Y=0.000 Z=-50.000), Max=(X=9000.000 Y=3500.000 Z=0.000) RuntimeGrid:None EditorOnly:0 RuntimeOnly:0 HLODRelevant:1 ListedInSceneOutliner:1 IsMainWorldOnly:0 FolderPath:Playground FolderGuid:6C02BB504B69D1F3D7A624B130C18E5B
 |   |   |- Guid:CE8D82634660FCDB3120E2B8D547C533 BaseClass: NativeClass:/Script/Engine.PostProcessVolume Name:PostProcessVolume_0 Label:PostProcessVolume SpatiallyLoaded:0 Bounds:IsValid=true, Min=(X=0.000 Y=0.000 Z=400.000), Max=(X=200.000 Y=200.000 Z=600.000) RuntimeGrid:None EditorOnly:0 RuntimeOnly:0 HLODRelevant:0 ListedInSceneOutliner:1 IsMainWorldOnly:0 FolderPath:Lighting FolderGuid:0BA5F0A04EADB18E70D5B180D08FA34B
 |   |   |- Guid:D1DE0E93411B254E5AEB269DAE6E816C BaseClass: NativeClass:/Script/Engine.DirectionalLight Name:DirectionalLight_UAID_C4651605F210BEA802_1182340343 Label:DirectionalLight SpatiallyLoaded:0 Bounds:Invalid RuntimeGrid:None EditorOnly:0 RuntimeOnly:0 HLODRelevant:0 ListedInSceneOutliner:1 IsMainWorldOnly:0
 |   |   |- Guid:D54FE88E4FC538CA1AE158AB1D4DE9F4 BaseClass: NativeClass:/Script/Engine.StaticMeshActor Name:StaticMeshActor_UAID_8C47BE31D32CDBA602_1187693340 Label:SM_Cube6 SpatiallyLoaded:1 Bounds:IsValid=true, Min=(X=2990.000 Y=3500.000 Z=1250.000), Max=(X=5990.000 Y=7000.000 Z=1300.000) RuntimeGrid:None EditorOnly:0 RuntimeOnly:0 HLODRelevant:1 ListedInSceneOutliner:1 IsMainWorldOnly:0 FolderPath:Playground FolderGuid:6C02BB504B69D1F3D7A624B130C18E5B
 |   |   |- Guid:DF3719BC45394026225098AB0541FEEC BaseClass: NativeClass:/Script/Engine.StaticMeshActor Name:StaticMeshActor_UAID_8C47BE31D32CD0A602_1281135399 Label:Cube2 SpatiallyLoaded:1 Bounds:IsValid=true, Min=(X=0.000 Y=6890.000 Z=-5.000), Max=(X=3000.000 Y=6990.000 Z=1245.000) RuntimeGrid:None EditorOnly:0 RuntimeOnly:0 HLODRelevant:1 ListedInSceneOutliner:1 IsMainWorldOnly:0
 |   |   |- Guid:E5320C1B4FD9764CE7B54D8487AEC613 BaseClass: NativeClass:/Script/Engine.SkyLight Name:SkyLight_0 Label:SkyLight SpatiallyLoaded:0 Bounds:IsValid=true, Min=(X=0.000 Y=0.000 Z=690.000), Max=(X=0.000 Y=0.000 Z=690.000) RuntimeGrid:None EditorOnly:0 RuntimeOnly:0 HLODRelevant:0 ListedInSceneOutliner:1 IsMainWorldOnly:0 FolderPath:Lighting FolderGuid:0BA5F0A04EADB18E70D5B180D08FA34B
 |   |   |- Guid:ED9C757B4020FBCEDC9D40ABB76755A4 BaseClass: NativeClass:/Script/Engine.StaticMeshActor Name:StaticMeshActor_UAID_C4651605F2103CA902_1744321519 Label:Cube28 SpatiallyLoaded:1 Bounds:IsValid=true, Min=(X=5900.000 Y=2022.500 Z=5.000), Max=(X=6000.000 Y=3497.500 Z=555.000) RuntimeGrid:None EditorOnly:0 RuntimeOnly:0 HLODRelevant:1 ListedInSceneOutliner:1 IsMainWorldOnly:0
 |   |   |- Guid:F231C1C14D007FF609B3219DA89828F9 BaseClass: NativeClass:/Script/Engine.StaticMeshActor Name:StaticMeshActor_UAID_C4651605F2103CA902_1778671521 Label:Cube30 SpatiallyLoaded:1 Bounds:IsValid=true, Min=(X=5900.000 Y=100.000 Z=550.000), Max=(X=6000.000 Y=3500.000 Z=1250.000) RuntimeGrid:None EditorOnly:0 RuntimeOnly:0 HLODRelevant:1 ListedInSceneOutliner:1 IsMainWorldOnly:0
 |   |   |- Guid:F71538BE44D5FAAC078619840A8E945E BaseClass: NativeClass:/Script/Engine.StaticMeshActor Name:StaticMeshActor_UAID_8C47BE31D32CDBA602_1176352339 Label:Cube7 SpatiallyLoaded:1 Bounds:IsValid=true, Min=(X=2990.000 Y=6890.000 Z=-5.000), Max=(X=5990.000 Y=6990.000 Z=1245.000) RuntimeGrid:None EditorOnly:0 RuntimeOnly:0 HLODRelevant:1 ListedInSceneOutliner:1 IsMainWorldOnly:0
 |   |- [+] Clusters:
 |   |   |- [+] [  0]
 |   |   |   |- Guid:0B73EA99479BCF459399069B0B39241A BaseClass: NativeClass:/Script/Engine.StaticMeshActor Name:StaticMeshActor_UAID_C4651605F210C1A802_1386543871 Label:Cube6 SpatiallyLoaded:1 Bounds:IsValid=true, Min=(X=-7.500 Y=52.500 Z=1295.000), Max=(X=67.500 Y=6927.500 Z=2345.000) RuntimeGrid:None EditorOnly:0 RuntimeOnly:0 HLODRelevant:1 ListedInSceneOutliner:1 IsMainWorldOnly:0
 |   |   |- [+] [  1]
 |   |   |   |- Guid:0E18776F4FCA9F88720C34B47CDD2596 BaseClass: NativeClass:/Script/Engine.StaticMeshActor Name:StaticMeshActor_UAID_C4651605F210BEA802_1674340352 Label:Cube21 SpatiallyLoaded:1 Bounds:IsValid=true, Min=(X=-0.000 Y=-0.000 Z=-5.000), Max=(X=3000.000 Y=100.000 Z=1245.000) RuntimeGrid:None EditorOnly:0 RuntimeOnly:0 HLODRelevant:1 ListedInSceneOutliner:1 IsMainWorldOnly:0
 |   |   |- [+] [  2]
 |   |   |   |- Guid:0E2D95134479178203CB44B09EA0A0C5 BaseClass: NativeClass:/Script/Engine.StaticMeshActor Name:StaticMeshActor_UAID_8C47BE31D32CDCA602_1758014511 Label:Cube9 SpatiallyLoaded:1 Bounds:IsValid=true, Min=(X=2900.000 Y=5412.500 Z=5.000), Max=(X=3000.000 Y=6887.500 Z=555.000) RuntimeGrid:None EditorOnly:0 RuntimeOnly:0 HLODRelevant:1 ListedInSceneOutliner:1 IsMainWorldOnly:0
 |   |   |- [+] [  3]
 |   |   |   |- Guid:0E85CA5744656E9067FEE382435F7578 BaseClass: NativeClass:/Script/Engine.StaticMeshActor Name:StaticMeshActor_UAID_8C47BE31D32C10A702_1384501672 Label:SM_Cube7 SpatiallyLoaded:1 Bounds:IsValid=true, Min=(X=0.000 Y=0.000 Z=1250.000), Max=(X=3000.000 Y=3500.000 Z=1300.000) RuntimeGrid:None EditorOnly:0 RuntimeOnly:0 HLODRelevant:1 ListedInSceneOutliner:1 IsMainWorldOnly:0 FolderPath:Playground FolderGuid:6C02BB504B69D1F3D7A624B130C18E5B
 |   |   |- [+] [  4]
 |   |   |   |- Guid:1D8E91A949C71AF1DC46DC8BCAD864B9 BaseClass: NativeClass:/Script/Engine.StaticMeshActor Name:StaticMeshActor_UAID_8C47BE31D32C0FA702_1984761490 Label:Cube13 SpatiallyLoaded:1 Bounds:IsValid=true, Min=(X=2900.000 Y=102.500 Z=5.000), Max=(X=3000.000 Y=1577.500 Z=555.000) RuntimeGrid:None EditorOnly:0 RuntimeOnly:0 HLODRelevant:1 ListedInSceneOutliner:1 IsMainWorldOnly:0
 |   |   |- [+] [  5]
 |   |   |   |- Guid:20A577424AD64D239B49CA9CFE608F16 BaseClass: NativeClass:/Script/Engine.StaticMeshActor Name:StaticMeshActor_UAID_8C47BE31D32C0FA702_2010635491 Label:Cube14 SpatiallyLoaded:1 Bounds:IsValid=true, Min=(X=2900.000 Y=2022.500 Z=5.000), Max=(X=3000.000 Y=3497.500 Z=555.000) RuntimeGrid:None EditorOnly:0 RuntimeOnly:0 HLODRelevant:1 ListedInSceneOutliner:1 IsMainWorldOnly:0
 |   |   |- [+] [  6]
 |   |   |   |- Guid:293521A84DDC40A3B57BFC97B0E6CDDC BaseClass: NativeClass:/Script/Engine.StaticMeshActor Name:StaticMeshActor_UAID_8C47BE31D32CDCA602_1480814517 Label:Cube8 SpatiallyLoaded:1 Bounds:IsValid=true, Min=(X=2900.000 Y=3490.000 Z=5.000), Max=(X=3000.000 Y=5090.000 Z=555.000) RuntimeGrid:None EditorOnly:0 RuntimeOnly:0 HLODRelevant:1 ListedInSceneOutliner:1 IsMainWorldOnly:0
 |   |   |- [+] [  7]
 |   |   |   |- Guid:2D75DE684EBD16A29C188AB3A5F134F7 BaseClass: NativeClass:/Script/Engine.StaticMeshActor Name:StaticMeshActor_UAID_C4651605F210BEA802_1602142351 Label:Cube20 SpatiallyLoaded:1 Bounds:IsValid=true, Min=(X=100.000 Y=3500.000 Z=-7.500), Max=(X=1300.000 Y=3600.000 Z=567.500) RuntimeGrid:None EditorOnly:0 RuntimeOnly:0 HLODRelevant:1 ListedInSceneOutliner:1 IsMainWorldOnly:0
 |   |   |- [+] [  8]
 |   |   |   |- Guid:3394656244FA225E438E8998DF7D598B BaseClass: NativeClass:/Script/Engine.StaticMeshActor Name:StaticMeshActor_UAID_8C47BE31D32CDBA602_1091957336 Label:SM_SkySphere2 SpatiallyLoaded:0 Bounds:IsValid=true, Min=(X=-1638400.000 Y=-1638400.000 Z=-1638400.000), Max=(X=1638400.000 Y=1638400.000 Z=1638400.000) RuntimeGrid:None EditorOnly:0 RuntimeOnly:0 HLODRelevant:0 ListedInSceneOutliner:1 IsMainWorldOnly:0 FolderPath:Lighting FolderGuid:0BA5F0A04EADB18E70D5B180D08FA34B
 |   |   |- [+] [  9]
 |   |   |   |- Guid:3D8247974E1D08C8B95195BA0E6A166C BaseClass: NativeClass:/Script/Engine.StaticMeshActor Name:StaticMeshActor_UAID_8C47BE31D32CD0A602_1297663400 Label:Cube3 SpatiallyLoaded:1 Bounds:IsValid=true, Min=(X=-0.000 Y=3532.500 Z=-5.000), Max=(X=100.000 Y=6907.500 Z=1245.000) RuntimeGrid:None EditorOnly:0 RuntimeOnly:0 HLODRelevant:1 ListedInSceneOutliner:1 IsMainWorldOnly:0
 |   |   |- [+] [ 10]
 |   |   |   |- Guid:425176A24E9DC11CC70D4A80A655F89D BaseClass: NativeClass:/Script/Engine.StaticMeshActor Name:StaticMeshActor_UAID_8C47BE31D32C14A702_1475467368 Label:round_wooden_table_02_1k2 SpatiallyLoaded:1 Bounds:IsValid=true, Min=(X=100.478 Y=4850.430 Z=-0.000), Max=(X=299.522 Y=5029.570 Z=205.157) RuntimeGrid:None EditorOnly:0 RuntimeOnly:0 HLODRelevant:1 ListedInSceneOutliner:1 IsMainWorldOnly:0
 |   |   |- [+] [ 11]
 |   |   |   |- Guid:450AD2C245661B323590D886EBD1B523 BaseClass: NativeClass:/Script/Engine.StaticMeshActor Name:StaticMeshActor_UAID_C4651605F21014A902_1460894482 Label:Cube27 SpatiallyLoaded:1 Bounds:IsValid=true, Min=(X=5970.000 Y=0.000 Z=-5.000), Max=(X=8970.000 Y=100.000 Z=1245.000) RuntimeGrid:None EditorOnly:0 RuntimeOnly:0 HLODRelevant:1 ListedInSceneOutliner:1 IsMainWorldOnly:0
 |   |   |- [+] [ 12]
 |   |   |   |- Guid:45F686C54F01621BDC4DBEAB1F9F0B0F BaseClass: NativeClass:/Script/Engine.StaticMeshActor Name:StaticMeshActor_UAID_C4651605F210BEA802_1304440348 Label:Cube17 SpatiallyLoaded:1 Bounds:IsValid=true, Min=(X=3002.500 Y=3487.500 Z=550.000), Max=(X=5977.500 Y=3612.500 Z=1250.000) RuntimeGrid:None EditorOnly:0 RuntimeOnly:0 HLODRelevant:1 ListedInSceneOutliner:1 IsMainWorldOnly:0
 |   |   |- [+] [ 13]
 |   |   |   |- Guid:4FC4FC3743BCD38D0FE450B7BBA2CCF6 BaseClass: NativeClass:/Script/Engine.StaticMeshActor Name:StaticMeshActor_UAID_C4651605F210BEA802_1209903345 Label:Cube24 SpatiallyLoaded:1 Bounds:IsValid=true, Min=(X=4642.500 Y=3487.500 Z=5.000), Max=(X=5917.500 Y=3612.500 Z=555.000) RuntimeGrid:None EditorOnly:0 RuntimeOnly:0 HLODRelevant:1 ListedInSceneOutliner:1 IsMainWorldOnly:0
 |   |   |- [+] [ 14]
 |   |   |   |- Guid:507AF0B3472C8D181573C9BCBA561E88 BaseClass: NativeClass:/Script/Engine.StaticMeshActor Name:StaticMeshActor_UAID_C4651605F2103CA902_2092879527 Label:Cube34 SpatiallyLoaded:1 Bounds:IsValid=true, Min=(X=5970.000 Y=6890.000 Z=-5.000), Max=(X=8970.000 Y=6990.000 Z=1245.000) RuntimeGrid:None EditorOnly:0 RuntimeOnly:0 HLODRelevant:1 ListedInSceneOutliner:1 IsMainWorldOnly:0
 |   |   |- [+] [ 15]
 |   |   |   |- Guid:5AB927AA45FBBA1CF804F6A202CED9A3 BaseClass: NativeClass:/Script/Engine.StaticMeshActor Name:StaticMeshActor_UAID_C4651605F210BEA802_1576754350 Label:Cube5 SpatiallyLoaded:1 Bounds:IsValid=true, Min=(X=5900.000 Y=3490.000 Z=550.000), Max=(X=6000.000 Y=6890.000 Z=1250.000) RuntimeGrid:None EditorOnly:0 RuntimeOnly:0 HLODRelevant:1 ListedInSceneOutliner:1 IsMainWorldOnly:0
 |   |   |- [+] [ 16]
 |   |   |   |- Guid:5D0B6FCA4048A24269AEA9BFF2E1C920 BaseClass: NativeClass:/Script/Engine.StaticMeshActor Name:StaticMeshActor_UAID_C4651605F210BEA802_1189830344 Label:Cube11 SpatiallyLoaded:1 Bounds:IsValid=true, Min=(X=5900.000 Y=3490.000 Z=5.000), Max=(X=6000.000 Y=5090.000 Z=555.000) RuntimeGrid:None EditorOnly:0 RuntimeOnly:0 HLODRelevant:1 ListedInSceneOutliner:1 IsMainWorldOnly:0
 |   |   |- [+] [ 17]
 |   |   |   |- Guid:5FE7584649BB6F09265329A6C57CFD0D BaseClass: NativeClass:/Script/Engine.VolumetricCloud Name:VolumetricCloud_0 Label:VolumetricCloud SpatiallyLoaded:0 Bounds:IsValid=true, Min=(X=0.000 Y=0.000 Z=820.000), Max=(X=0.000 Y=0.000 Z=820.000) RuntimeGrid:None EditorOnly:0 RuntimeOnly:0 HLODRelevant:0 ListedInSceneOutliner:1 IsMainWorldOnly:0 FolderPath:Lighting FolderGuid:0BA5F0A04EADB18E70D5B180D08FA34B
 |   |   |- [+] [ 18]
 |   |   |   |- Guid:61391D344900612A77DFC3BA3E354907 BaseClass: NativeClass:/Script/Engine.ExponentialHeightFog Name:ExponentialHeightFog_0 Label:ExponentialHeightFog SpatiallyLoaded:0 Bounds:IsValid=true, Min=(X=-5600.000 Y=-50.000 Z=-6850.000), Max=(X=-5600.000 Y=-50.000 Z=-6850.000) RuntimeGrid:None EditorOnly:0 RuntimeOnly:0 HLODRelevant:0 ListedInSceneOutliner:1 IsMainWorldOnly:0 FolderPath:Lighting FolderGuid:0BA5F0A04EADB18E70D5B180D08FA34B
 |   |   |- [+] [ 19]
 |   |   |   |- Guid:62BDC38446A9CB7DEB2A648A64B1DA75 BaseClass: NativeClass:/Script/Engine.StaticMeshActor Name:StaticMeshActor_UAID_8C47BE31D32C15A702_1881581547 Label:Chandelier_01_1k SpatiallyLoaded:1 Bounds:IsValid=true, Min=(X=1060.139 Y=5109.222 Z=1030.476), Max=(X=1340.059 Y=5394.664 Z=1250.000) RuntimeGrid:None EditorOnly:0 RuntimeOnly:0 HLODRelevant:1 ListedInSceneOutliner:1 IsMainWorldOnly:0
 |   |   |- [+] [ 20]
 |   |   |   |- Guid:65AE5566482AA8230FB5BA8B16BDBAE9 BaseClass: NativeClass:/Script/Engine.StaticMeshActor Name:StaticMeshActor_UAID_C4651605F2103DA902_1075075704 Label:Cube35 SpatiallyLoaded:1 Bounds:IsValid=true, Min=(X=8900.000 Y=3377.500 Z=-5.000), Max=(X=9000.000 Y=6902.500 Z=1245.000) RuntimeGrid:None EditorOnly:0 RuntimeOnly:0 HLODRelevant:1 ListedInSceneOutliner:1 IsMainWorldOnly:0
 |   |   |- [+] [ 21]
 |   |   |   |- Guid:686292B7467A30F186B17FB779FC94A0 BaseClass: NativeClass:/Script/Engine.StaticMeshActor Name:StaticMeshActor_UAID_C4651605F210BEA802_1222499346 Label:Cube19 SpatiallyLoaded:1 Bounds:IsValid=true, Min=(X=5900.000 Y=5412.500 Z=5.000), Max=(X=6000.000 Y=6887.500 Z=555.000) RuntimeGrid:None EditorOnly:0 RuntimeOnly:0 HLODRelevant:1 ListedInSceneOutliner:1 IsMainWorldOnly:0
 |   |   |- [+] [ 22]
 |   |   |   |- Guid:6F901E5542FCB608594297B49C2C04A0 BaseClass: NativeClass:/Script/Engine.StaticMeshActor Name:StaticMeshActor_UAID_8C47BE31D32C16A702_1836669728 Label:Cube SpatiallyLoaded:1 Bounds:IsValid=true, Min=(X=7015.000 Y=4705.000 Z=-22.500), Max=(X=8165.000 Y=5855.000 Z=2.500) RuntimeGrid:None EditorOnly:0 RuntimeOnly:0 HLODRelevant:1 ListedInSceneOutliner:1 IsMainWorldOnly:0
 |   |   |- [+] [ 23]
 |   |   |   |- Guid:6FEFB3BD4EB37B849EF0D4AC80F83855 BaseClass: NativeClass:/Script/Engine.WorldDataLayers Name:WorldDataLayers Label:WorldDataLayers SpatiallyLoaded:0 Bounds:IsValid=true, Min=(X=0.000 Y=0.000 Z=0.000), Max=(X=0.000 Y=0.000 Z=0.000) RuntimeGrid:None EditorOnly:0 RuntimeOnly:0 HLODRelevant:0 ListedInSceneOutliner:1 IsMainWorldOnly:1
 |   |   |- [+] [ 24]
 |   |   |   |- Guid:70A0E7014B854FA9A273C7B740C9D3C8 BaseClass: NativeClass:/Script/Engine.StaticMeshActor Name:StaticMeshActor_UAID_8C47BE31D32CE0A602_1223301216 Label:GothicBed_01_1k SpatiallyLoaded:1 Bounds:IsValid=true, Min=(X=111.413 Y=5026.583 Z=-0.000), Max=(X=825.413 Y=5586.740 Z=498.498) RuntimeGrid:None EditorOnly:0 RuntimeOnly:0 HLODRelevant:1 ListedInSceneOutliner:1 IsMainWorldOnly:0
 |   |   |- [+] [ 25]
 |   |   |   |- Guid:73D7D3BF4FA19B1AC1071FB768DDB32B BaseClass: NativeClass:/Script/Engine.StaticMeshActor Name:StaticMeshActor_UAID_C4651605F21014A902_1425585481 Label:Cube26 SpatiallyLoaded:1 Bounds:IsValid=true, Min=(X=3000.000 Y=0.000 Z=-5.000), Max=(X=6000.000 Y=100.000 Z=1245.000) RuntimeGrid:None EditorOnly:0 RuntimeOnly:0 HLODRelevant:1 ListedInSceneOutliner:1 IsMainWorldOnly:0
 |   |   |- [+] [ 26]
 |   |   |   |- Guid:78CAF7514C7533F30BD2F19A017AAB65 BaseClass: NativeClass:/Script/Engine.StaticMeshActor Name:StaticMeshActor_0 Label:SM_Cube SpatiallyLoaded:1 Bounds:IsValid=true, Min=(X=0.000 Y=0.000 Z=-50.000), Max=(X=3000.000 Y=3500.000 Z=0.000) RuntimeGrid:None EditorOnly:0 RuntimeOnly:0 HLODRelevant:1 ListedInSceneOutliner:1 IsMainWorldOnly:0 FolderPath:Playground FolderGuid:6C02BB504B69D1F3D7A624B130C18E5B
 |   |   |- [+] [ 27]
 |   |   |   |- Guid:7B5E939F465114D4D4B7778235C3448F BaseClass: NativeClass:/Script/Engine.StaticMeshActor Name:StaticMeshActor_UAID_8C47BE31D32CDEA602_1678595868 Label:potted_plant_02_leaves1 SpatiallyLoaded:1 Bounds:IsValid=true, Min=(X=2740.584 Y=3596.953 Z=111.299), Max=(X=2863.287 Y=3693.437 Z=206.185) RuntimeGrid:None EditorOnly:0 RuntimeOnly:0 HLODRelevant:1 ListedInSceneOutliner:1 IsMainWorldOnly:0
 |   |   |- [+] [ 28]
 |   |   |   |- Guid:7EFE0B32484528BA8876C89A0780FAAC BaseClass: NativeClass:/Script/Engine.StaticMeshActor Name:StaticMeshActor_UAID_C4651605F2103CA902_1941356525 Label:Cube32 SpatiallyLoaded:1 Bounds:IsValid=true, Min=(X=11900.000 Y=2.500 Z=-5.000), Max=(X=12000.000 Y=3477.500 Z=1245.000) RuntimeGrid:None EditorOnly:0 RuntimeOnly:0 HLODRelevant:1 ListedInSceneOutliner:1 IsMainWorldOnly:0
 |   |   |- [+] [ 29]
 |   |   |   |- Guid:8189D26E4F6B7A64619C9E908B4530B4 BaseClass: NativeClass:/Script/Engine.StaticMeshActor Name:StaticMeshActor_UAID_8C47BE31D32CDEA602_1673119867 Label:potted_plant_02_1k_potted_plant_02_leaves SpatiallyLoaded:1 Bounds:IsValid=true, Min=(X=2720.334 Y=3657.969 Z=130.866), Max=(X=2790.450 Y=3722.291 Z=194.123) RuntimeGrid:None EditorOnly:0 RuntimeOnly:0 HLODRelevant:1 ListedInSceneOutliner:1 IsMainWorldOnly:0
 |   |   |- [+] [ 30]
 |   |   |   |- Guid:823A7914441B1B11DEC6AF993B26655F BaseClass: NativeClass:/Script/Engine.StaticMeshActor Name:StaticMeshActor_UAID_C4651605F2103CA902_1865379524 Label:Cube31 SpatiallyLoaded:1 Bounds:IsValid=true, Min=(X=8970.000 Y=0.000 Z=-5.000), Max=(X=11970.000 Y=100.000 Z=1245.000) RuntimeGrid:None EditorOnly:0 RuntimeOnly:0 HLODRelevant:1 ListedInSceneOutliner:1 IsMainWorldOnly:0
 |   |   |- [+] [ 31]
 |   |   |   |- Guid:8314C3324CE21D7E216B2D9BF1F8627C BaseClass: NativeClass:/Script/Engine.StaticMeshActor Name:StaticMeshActor_UAID_8C47BE31D32C0FA702_1766345487 Label:Cube10 SpatiallyLoaded:1 Bounds:IsValid=true, Min=(X=-0.000 Y=95.000 Z=-5.000), Max=(X=100.000 Y=3545.000 Z=1245.000) RuntimeGrid:None EditorOnly:0 RuntimeOnly:0 HLODRelevant:1 ListedInSceneOutliner:1 IsMainWorldOnly:0
 |   |   |- [+] [ 32]
 |   |   |   |- Guid:90A9D7254A646ED4C8E4F7875265D389 BaseClass: NativeClass:/Script/Engine.StaticMeshActor Name:StaticMeshActor_UAID_8C47BE31D32CDAA602_1902103160 Label:SM_Cube5 SpatiallyLoaded:1 Bounds:IsValid=true, Min=(X=3000.000 Y=3500.000 Z=-50.000), Max=(X=6000.000 Y=7000.000 Z=0.000) RuntimeGrid:None EditorOnly:0 RuntimeOnly:0 HLODRelevant:1 ListedInSceneOutliner:1 IsMainWorldOnly:0 FolderPath:Playground FolderGuid:6C02BB504B69D1F3D7A624B130C18E5B
 |   |   |- [+] [ 33]
 |   |   |   |- Guid:93BF99244FB9C46C8CE15295E3C3F4DB BaseClass: NativeClass:/Script/Engine.StaticMeshActor Name:StaticMeshActor_UAID_8C47BE31D32CB5A602_1707000647 Label:SM_Cube2 SpatiallyLoaded:1 Bounds:IsValid=true, Min=(X=0.000 Y=3500.000 Z=-50.000), Max=(X=3000.000 Y=7000.000 Z=0.000) RuntimeGrid:None EditorOnly:0 RuntimeOnly:0 HLODRelevant:1 ListedInSceneOutliner:1 IsMainWorldOnly:0 FolderPath:Playground FolderGuid:6C02BB504B69D1F3D7A624B130C18E5B
 |   |   |- [+] [ 34]
 |   |   |   |- Guid:95E6116A4BBE0FECF4E75482E2E7EE8B BaseClass: NativeClass:/Script/Engine.StaticMeshActor Name:StaticMeshActor_UAID_C4651605F21013A902_1598019304 Label:Cube25 SpatiallyLoaded:1 Bounds:IsValid=true, Min=(X=5922.500 Y=3512.500 Z=1295.000), Max=(X=5997.500 Y=6987.500 Z=2345.000) RuntimeGrid:None EditorOnly:0 RuntimeOnly:0 HLODRelevant:1 ListedInSceneOutliner:1 IsMainWorldOnly:0
 |   |   |- [+] [ 35]
 |   |   |   |- Guid:9739D3AF4BEC45696FE8BAB2B05D62ED BaseClass: NativeClass:/Script/Engine.StaticMeshActor Name:StaticMeshActor_UAID_8C47BE31D32CDEA602_1348715865 Label:potted_plant_02_1k_potted_plant_02_pot SpatiallyLoaded:1 Bounds:IsValid=true, Min=(X=2710.171 Y=3610.984 Z=0.928), Max=(X=2852.416 Y=3753.229 Z=135.385) RuntimeGrid:None EditorOnly:0 RuntimeOnly:0 HLODRelevant:1 ListedInSceneOutliner:1 IsMainWorldOnly:0
 |   |   |- [+] [ 36]
 |   |   |   |- Guid:9D48C94A45657A3F4B175A90D1EB1162 BaseClass: NativeClass:/Script/Engine.StaticMeshActor Name:StaticMeshActor_UAID_C4651605F210BEA802_1267082347 Label:SM_Cube4 SpatiallyLoaded:1 Bounds:IsValid=true, Min=(X=3000.000 Y=0.000 Z=-50.000), Max=(X=6000.000 Y=3500.000 Z=0.000) RuntimeGrid:None EditorOnly:0 RuntimeOnly:0 HLODRelevant:1 ListedInSceneOutliner:1 IsMainWorldOnly:0 FolderPath:Playground FolderGuid:6C02BB504B69D1F3D7A624B130C18E5B
 |   |   |- [+] [ 37]
 |   |   |   |- Guid:9EFF844F49BEBF20D336E2856CB8C37F BaseClass: NativeClass:/Script/Engine.StaticMeshActor Name:StaticMeshActor_UAID_8C47BE31D32C14A702_1455903367 Label:round_wooden_table_02_1k SpatiallyLoaded:1 Bounds:IsValid=true, Min=(X=100.478 Y=5630.430 Z=-0.000), Max=(X=299.522 Y=5809.570 Z=205.157) RuntimeGrid:None EditorOnly:0 RuntimeOnly:0 HLODRelevant:1 ListedInSceneOutliner:1 IsMainWorldOnly:0
 |   |   |- [+] [ 38]
 |   |   |   |- Guid:A03F1125433E0064B5800DA387337FFD BaseClass: NativeClass:/Script/Engine.StaticMeshActor Name:StaticMeshActor_UAID_8C47BE31D32CD0A602_1525067399 Label:Cube4 SpatiallyLoaded:1 Bounds:IsValid=true, Min=(X=2900.000 Y=3490.000 Z=550.000), Max=(X=3000.000 Y=6890.000 Z=1250.000) RuntimeGrid:None EditorOnly:0 RuntimeOnly:0 HLODRelevant:1 ListedInSceneOutliner:1 IsMainWorldOnly:0
 |   |   |- [+] [ 39]
 |   |   |   |- Guid:A354B1B24E617A525DC6B48CCDE2417E BaseClass: NativeClass:/Script/Engine.PlayerStart Name:PlayerStart_0 Label:PlayerStart SpatiallyLoaded:0 Bounds:IsValid=true, Min=(X=970.000 Y=5930.000 Z=0.013), Max=(X=1050.000 Y=6010.000 Z=184.013) RuntimeGrid:None EditorOnly:0 RuntimeOnly:0 HLODRelevant:0 ListedInSceneOutliner:1 IsMainWorldOnly:0
 |   |   |- [+] [ 40]
 |   |   |   |- Guid:ABA58C444510E18ECF69F199BDAF2EBE BaseClass: NativeClass:/Script/Engine.StaticMeshActor Name:StaticMeshActor_UAID_8C47BE31D32C10A702_1264029669 Label:Cube16 SpatiallyLoaded:1 Bounds:IsValid=true, Min=(X=1677.500 Y=3500.000 Z=5.000), Max=(X=2902.500 Y=3600.000 Z=555.000) RuntimeGrid:None EditorOnly:0 RuntimeOnly:0 HLODRelevant:1 ListedInSceneOutliner:1 IsMainWorldOnly:0
 |   |   |- [+] [ 41]
 |   |   |   |- Guid:AD2BAEEC4E9965B9E8F7029FFAD10ABC BaseClass: NativeClass:/Script/Engine.StaticMeshActor Name:StaticMeshActor_UAID_C4651605F2103DA902_1237874705 Label:SM_Cube8 SpatiallyLoaded:1 Bounds:IsValid=true, Min=(X=2990.000 Y=3500.000 Z=2340.000), Max=(X=5990.000 Y=7000.000 Z=2390.000) RuntimeGrid:None EditorOnly:0 RuntimeOnly:0 HLODRelevant:1 ListedInSceneOutliner:1 IsMainWorldOnly:0 FolderPath:Playground FolderGuid:6C02BB504B69D1F3D7A624B130C18E5B
 |   |   |- [+] [ 42]
 |   |   |   |- Guid:B066B68B4F190E7CE35BC4BEED99AC19 BaseClass: NativeClass:/Script/Engine.StaticMeshActor Name:StaticMeshActor_UAID_C4651605F2103CA902_2010496526 Label:Cube33 SpatiallyLoaded:1 Bounds:IsValid=true, Min=(X=9000.000 Y=3380.000 Z=-5.000), Max=(X=12000.000 Y=3480.000 Z=1245.000) RuntimeGrid:None EditorOnly:0 RuntimeOnly:0 HLODRelevant:1 ListedInSceneOutliner:1 IsMainWorldOnly:0
 |   |   |- [+] [ 43]
 |   |   |   |- Guid:B0FB13D9470F1F3BD40F538809C8FFFC BaseClass: NativeClass:/Script/Engine.StaticMeshActor Name:StaticMeshActor_UAID_C4651605F21012A902_2101044127 Label:Cube22 SpatiallyLoaded:1 Bounds:IsValid=true, Min=(X=5.000 Y=6922.500 Z=1295.000), Max=(X=5955.000 Y=6997.500 Z=2345.000) RuntimeGrid:None EditorOnly:0 RuntimeOnly:0 HLODRelevant:1 ListedInSceneOutliner:1 IsMainWorldOnly:0
 |   |   |- [+] [ 44]
 |   |   |   |- Guid:B3B9FF594220E2D9F51A5F8584B1A538 BaseClass: NativeClass:/Script/Engine.StaticMeshActor Name:StaticMeshActor_UAID_8C47BE31D32CDFA602_1502362039 Label:gothic_coffee_table_1k SpatiallyLoaded:1 Bounds:IsValid=true, Min=(X=121.650 Y=3673.701 Z=0.069), Max=(X=518.499 Y=4106.629 Z=139.763) RuntimeGrid:None EditorOnly:0 RuntimeOnly:0 HLODRelevant:1 ListedInSceneOutliner:1 IsMainWorldOnly:0
 |   |   |- [+] [ 45]
 |   |   |   |- Guid:B543A4AF4ED2E47E47D6138DB6F9761E BaseClass: NativeClass:/Script/Engine.StaticMeshActor Name:StaticMeshActor_UAID_8C47BE31D32C0FA702_1925082489 Label:Cube12 SpatiallyLoaded:1 Bounds:IsValid=true, Min=(X=2900.000 Y=100.000 Z=550.000), Max=(X=3000.000 Y=3500.000 Z=1250.000) RuntimeGrid:None EditorOnly:0 RuntimeOnly:0 HLODRelevant:1 ListedInSceneOutliner:1 IsMainWorldOnly:0
 |   |   |- [+] [ 46]
 |   |   |   |- Guid:B89F725C47D7A4D30F8FA3B22D004C75 BaseClass: NativeClass:/Script/Engine.StaticMeshActor Name:StaticMeshActor_UAID_8C47BE31D32C14A702_1902098369 Label:SM_Cube9 SpatiallyLoaded:1 Bounds:IsValid=true, Min=(X=6000.000 Y=3500.000 Z=-50.000), Max=(X=9000.000 Y=7000.000 Z=0.000) RuntimeGrid:None EditorOnly:0 RuntimeOnly:0 HLODRelevant:1 ListedInSceneOutliner:1 IsMainWorldOnly:0 FolderPath:Playground FolderGuid:6C02BB504B69D1F3D7A624B130C18E5B
 |   |   |- [+] [ 47]
 |   |   |   |- Guid:BB21AD814EE7A806E2CEC8B9B0B008E9 BaseClass: NativeClass:/Script/Engine.StaticMeshActor Name:StaticMeshActor_UAID_C4651605F2103CA902_1837475523 Label:SM_Cube11 SpatiallyLoaded:1 Bounds:IsValid=true, Min=(X=9000.000 Y=0.000 Z=-50.000), Max=(X=12000.000 Y=3500.000 Z=0.000) RuntimeGrid:None EditorOnly:0 RuntimeOnly:0 HLODRelevant:1 ListedInSceneOutliner:1 IsMainWorldOnly:0 FolderPath:Playground FolderGuid:6C02BB504B69D1F3D7A624B130C18E5B
 |   |   |- [+] [ 48]
 |   |   |   |- Guid:BE6AD21644E59F5DA71BF6AB4BC14EB9 BaseClass: NativeClass:/Script/Engine.StaticMeshActor Name:StaticMeshActor_UAID_8C47BE31D32C0FA702_2138710492 Label:Cube15 SpatiallyLoaded:1 Bounds:IsValid=true, Min=(X=100.000 Y=3500.000 Z=550.000), Max=(X=2900.000 Y=3600.000 Z=1250.000) RuntimeGrid:None EditorOnly:0 RuntimeOnly:0 HLODRelevant:1 ListedInSceneOutliner:1 IsMainWorldOnly:0
 |   |   |- [+] [ 49]
 |   |   |   |- Guid:BF2F0530467DDB871612739D214EB2D3 BaseClass: NativeClass:/Script/Engine.StaticMeshActor Name:StaticMeshActor_UAID_8C47BE31D32CD0A602_1892290400 Label:SM_Cube3 SpatiallyLoaded:1 Bounds:IsValid=true, Min=(X=0.000 Y=3500.000 Z=1250.000), Max=(X=3000.000 Y=7000.000 Z=1300.000) RuntimeGrid:None EditorOnly:0 RuntimeOnly:0 HLODRelevant:1 ListedInSceneOutliner:1 IsMainWorldOnly:0 FolderPath:Playground FolderGuid:6C02BB504B69D1F3D7A624B130C18E5B
 |   |   |- [+] [ 50]
 |   |   |   |- Guid:C0B340804F6433A996FCC3B5B15B976B BaseClass: NativeClass:/Script/Engine.StaticMeshActor Name:StaticMeshActor_UAID_8C47BE31D32C10A702_1376463671 Label:Cube18 SpatiallyLoaded:1 Bounds:IsValid=true, Min=(X=2900.000 Y=5412.500 Z=5.000), Max=(X=3000.000 Y=6887.500 Z=555.000) RuntimeGrid:None EditorOnly:0 RuntimeOnly:0 HLODRelevant:1 ListedInSceneOutliner:1 IsMainWorldOnly:0
 |   |   |- [+] [ 51]
 |   |   |   |- Guid:C0C56B9644AE3D40CAFF6A878DB29844 BaseClass: NativeClass:/Script/Engine.StaticMeshActor Name:StaticMeshActor_UAID_A4AE111137DC5EFB00_2001720423 Label:SM_SkySphere SpatiallyLoaded:0 Bounds:IsValid=true, Min=(X=-1638400.000 Y=-1638400.000 Z=-1638400.000), Max=(X=1638400.000 Y=1638400.000 Z=1638400.000) RuntimeGrid:None EditorOnly:0 RuntimeOnly:0 HLODRelevant:1 ListedInSceneOutliner:1 IsMainWorldOnly:0 FolderPath:Lighting FolderGuid:0BA5F0A04EADB18E70D5B180D08FA34B
 |   |   |- [+] [ 52]
 |   |   |   |- Guid:C22CE07C4B87D685137FDBBC10FC92C6 BaseClass: NativeClass:/Script/Engine.SkyAtmosphere Name:SkyAtmosphere_0 Label:SkyAtmosphere SpatiallyLoaded:0 Bounds:IsValid=true, Min=(X=0.000 Y=0.000 Z=1020.000), Max=(X=0.000 Y=0.000 Z=1020.000) RuntimeGrid:None EditorOnly:0 RuntimeOnly:0 HLODRelevant:0 ListedInSceneOutliner:1 IsMainWorldOnly:0 FolderPath:Lighting FolderGuid:0BA5F0A04EADB18E70D5B180D08FA34B
 |   |   |- [+] [ 53]
 |   |   |   |- Guid:C37E826C40532C14CF07469D8A3C7418 BaseClass: NativeClass:/Script/Engine.StaticMeshActor Name:StaticMeshActor_UAID_C4651605F2103CA902_1761578520 Label:Cube29 SpatiallyLoaded:1 Bounds:IsValid=true, Min=(X=5900.000 Y=102.500 Z=5.000), Max=(X=6000.000 Y=1577.500 Z=555.000) RuntimeGrid:None EditorOnly:0 RuntimeOnly:0 HLODRelevant:1 ListedInSceneOutliner:1 IsMainWorldOnly:0
 |   |   |- [+] [ 54]
 |   |   |   |- Guid:CA5DC35C4899B8DC81457F9D61259931 BaseClass: NativeClass:/Script/Engine.StaticMeshActor Name:StaticMeshActor_UAID_8C47BE31D32C10A702_1732420678 Label:Cube23 SpatiallyLoaded:1 Bounds:IsValid=true, Min=(X=2992.500 Y=3487.500 Z=5.000), Max=(X=4267.500 Y=3612.500 Z=555.000) RuntimeGrid:None EditorOnly:0 RuntimeOnly:0 HLODRelevant:1 ListedInSceneOutliner:1 IsMainWorldOnly:0
 |   |   |- [+] [ 55]
 |   |   |   |- Guid:CDA553B84D47F9165FA9FB86EF876747 BaseClass: NativeClass:/Script/Engine.StaticMeshActor Name:StaticMeshActor_UAID_8C47BE31D32C14A702_1932156370 Label:SM_Cube10 SpatiallyLoaded:1 Bounds:IsValid=true, Min=(X=6000.000 Y=0.000 Z=-50.000), Max=(X=9000.000 Y=3500.000 Z=0.000) RuntimeGrid:None EditorOnly:0 RuntimeOnly:0 HLODRelevant:1 ListedInSceneOutliner:1 IsMainWorldOnly:0 FolderPath:Playground FolderGuid:6C02BB504B69D1F3D7A624B130C18E5B
 |   |   |- [+] [ 56]
 |   |   |   |- Guid:CE8D82634660FCDB3120E2B8D547C533 BaseClass: NativeClass:/Script/Engine.PostProcessVolume Name:PostProcessVolume_0 Label:PostProcessVolume SpatiallyLoaded:0 Bounds:IsValid=true, Min=(X=0.000 Y=0.000 Z=400.000), Max=(X=200.000 Y=200.000 Z=600.000) RuntimeGrid:None EditorOnly:0 RuntimeOnly:0 HLODRelevant:0 ListedInSceneOutliner:1 IsMainWorldOnly:0 FolderPath:Lighting FolderGuid:0BA5F0A04EADB18E70D5B180D08FA34B
 |   |   |- [+] [ 57]
 |   |   |   |- Guid:D1DE0E93411B254E5AEB269DAE6E816C BaseClass: NativeClass:/Script/Engine.DirectionalLight Name:DirectionalLight_UAID_C4651605F210BEA802_1182340343 Label:DirectionalLight SpatiallyLoaded:0 Bounds:Invalid RuntimeGrid:None EditorOnly:0 RuntimeOnly:0 HLODRelevant:0 ListedInSceneOutliner:1 IsMainWorldOnly:0
 |   |   |- [+] [ 58]
 |   |   |   |- Guid:D54FE88E4FC538CA1AE158AB1D4DE9F4 BaseClass: NativeClass:/Script/Engine.StaticMeshActor Name:StaticMeshActor_UAID_8C47BE31D32CDBA602_1187693340 Label:SM_Cube6 SpatiallyLoaded:1 Bounds:IsValid=true, Min=(X=2990.000 Y=3500.000 Z=1250.000), Max=(X=5990.000 Y=7000.000 Z=1300.000) RuntimeGrid:None EditorOnly:0 RuntimeOnly:0 HLODRelevant:1 ListedInSceneOutliner:1 IsMainWorldOnly:0 FolderPath:Playground FolderGuid:6C02BB504B69D1F3D7A624B130C18E5B
 |   |   |- [+] [ 59]
 |   |   |   |- Guid:DF3719BC45394026225098AB0541FEEC BaseClass: NativeClass:/Script/Engine.StaticMeshActor Name:StaticMeshActor_UAID_8C47BE31D32CD0A602_1281135399 Label:Cube2 SpatiallyLoaded:1 Bounds:IsValid=true, Min=(X=0.000 Y=6890.000 Z=-5.000), Max=(X=3000.000 Y=6990.000 Z=1245.000) RuntimeGrid:None EditorOnly:0 RuntimeOnly:0 HLODRelevant:1 ListedInSceneOutliner:1 IsMainWorldOnly:0
 |   |   |- [+] [ 60]
 |   |   |   |- Guid:E5320C1B4FD9764CE7B54D8487AEC613 BaseClass: NativeClass:/Script/Engine.SkyLight Name:SkyLight_0 Label:SkyLight SpatiallyLoaded:0 Bounds:IsValid=true, Min=(X=0.000 Y=0.000 Z=690.000), Max=(X=0.000 Y=0.000 Z=690.000) RuntimeGrid:None EditorOnly:0 RuntimeOnly:0 HLODRelevant:0 ListedInSceneOutliner:1 IsMainWorldOnly:0 FolderPath:Lighting FolderGuid:0BA5F0A04EADB18E70D5B180D08FA34B
 |   |   |- [+] [ 61]
 |   |   |   |- Guid:ED9C757B4020FBCEDC9D40ABB76755A4 BaseClass: NativeClass:/Script/Engine.StaticMeshActor Name:StaticMeshActor_UAID_C4651605F2103CA902_1744321519 Label:Cube28 SpatiallyLoaded:1 Bounds:IsValid=true, Min=(X=5900.000 Y=2022.500 Z=5.000), Max=(X=6000.000 Y=3497.500 Z=555.000) RuntimeGrid:None EditorOnly:0 RuntimeOnly:0 HLODRelevant:1 ListedInSceneOutliner:1 IsMainWorldOnly:0
 |   |   |- [+] [ 62]
 |   |   |   |- Guid:F231C1C14D007FF609B3219DA89828F9 BaseClass: NativeClass:/Script/Engine.StaticMeshActor Name:StaticMeshActor_UAID_C4651605F2103CA902_1778671521 Label:Cube30 SpatiallyLoaded:1 Bounds:IsValid=true, Min=(X=5900.000 Y=100.000 Z=550.000), Max=(X=6000.000 Y=3500.000 Z=1250.000) RuntimeGrid:None EditorOnly:0 RuntimeOnly:0 HLODRelevant:1 ListedInSceneOutliner:1 IsMainWorldOnly:0
 |   |   |- [+] [ 63]
 |   |   |   |- Guid:F71538BE44D5FAAC078619840A8E945E BaseClass: NativeClass:/Script/Engine.StaticMeshActor Name:StaticMeshActor_UAID_8C47BE31D32CDBA602_1176352339 Label:Cube7 SpatiallyLoaded:1 Bounds:IsValid=true, Min=(X=2990.000 Y=6890.000 Z=-5.000), Max=(X=5990.000 Y=6990.000 Z=1245.000) RuntimeGrid:None EditorOnly:0 RuntimeOnly:0 HLODRelevant:1 ListedInSceneOutliner:1 IsMainWorldOnly:0
 |- ContainerInstances:
 |- [+] MainContainer:
 |   |-        ID: 00000000000000000000000000000000
 |   |-  ParentID: 00000000000000000000000000000000
 |   |-    Bounds: IsValid=false, Min=(X=0.000 Y=0.000 Z=0.000), Max=(X=0.000 Y=0.000 Z=0.000)
 |   |- Transform: 0.000000,0.000000,0.000000|0.000000,0.000000,-0.000000|1.000000,1.000000,1.000000
 |   |- Container: /Game/FirstPerson/Maps/FirstPersonMap
----------------------------------------------------------------------------------------------------------------
FirstPersonMap - Persistent Level
----------------------------------------------------------------------------------------------------------------
[+] Content of FirstPersonMap Persistent Level
 |- Always loaded Actor Count: 64 
 |- Actor Path: /Game/FirstPerson/Maps/FirstPersonMap.FirstPersonMap:PersistentLevel.DirectionalLight_UAID_C4651605F210BEA802_1182340343
 |- Actor Package: /Game/__ExternalActors__/FirstPerson/Maps/FirstPersonMap/A/MO/J0BVZK9GAG54R2IHIAH4U2
 |- Actor Path: /Game/FirstPerson/Maps/FirstPersonMap.FirstPersonMap:PersistentLevel.ExponentialHeightFog_0
 |- Actor Package: /Game/__ExternalActors__/FirstPerson/Maps/FirstPersonMap/0/CL/381LM03PFI8AF9NED1SEV2
 |- Actor Path: /Game/FirstPerson/Maps/FirstPersonMap.FirstPersonMap:PersistentLevel.PlayerStart_0
 |- Actor Package: /Game/__ExternalActors__/FirstPerson/Maps/FirstPersonMap/8/Z7/W1SXRCM1KAKBJOIZDLHZ47
 |- Actor Path: /Game/FirstPerson/Maps/FirstPersonMap.FirstPersonMap:PersistentLevel.PostProcessVolume_0
 |- Actor Package: /Game/__ExternalActors__/FirstPerson/Maps/FirstPersonMap/E/MX/R1GV431P5FDO08OFULRA01
 |- Actor Path: /Game/FirstPerson/Maps/FirstPersonMap.FirstPersonMap:PersistentLevel.SkyAtmosphere_0
 |- Actor Package: /Game/__ExternalActors__/FirstPerson/Maps/FirstPersonMap/C/VO/VMN4G7K3NKKV6F8HTPHHDB
 |- Actor Path: /Game/FirstPerson/Maps/FirstPersonMap.FirstPersonMap:PersistentLevel.SkyLight_0
 |- Actor Package: /Game/__ExternalActors__/FirstPerson/Maps/FirstPersonMap/6/0Z/5RQIHCZ9W3UXRGL4LTLQAK
 |- Actor Path: /Game/FirstPerson/Maps/FirstPersonMap.FirstPersonMap:PersistentLevel.StaticMeshActor_0
 |- Actor Package: /Game/__ExternalActors__/FirstPerson/Maps/FirstPersonMap/7/L5/1ZJ54FMA0DAL3I2Q8RFAIB
 |- Actor Path: /Game/FirstPerson/Maps/FirstPersonMap.FirstPersonMap:PersistentLevel.StaticMeshActor_UAID_8C47BE31D32C0FA702_1766345487
 |- Actor Package: /Game/__ExternalActors__/FirstPerson/Maps/FirstPersonMap/9/T8/N0GP95MWVF0B4609SNTVC4
 |- Actor Path: /Game/FirstPerson/Maps/FirstPersonMap.FirstPersonMap:PersistentLevel.StaticMeshActor_UAID_8C47BE31D32C0FA702_1925082489
 |- Actor Package: /Game/__ExternalActors__/FirstPerson/Maps/FirstPersonMap/8/IF/Z85KW48K627XZN6F1817VU
 |- Actor Path: /Game/FirstPerson/Maps/FirstPersonMap.FirstPersonMap:PersistentLevel.StaticMeshActor_UAID_8C47BE31D32C0FA702_1984761490
 |- Actor Package: /Game/__ExternalActors__/FirstPerson/Maps/FirstPersonMap/C/UG/HIWLS08IMB5P538785Z1EQ
 |- Actor Path: /Game/FirstPerson/Maps/FirstPersonMap.FirstPersonMap:PersistentLevel.StaticMeshActor_UAID_8C47BE31D32C0FA702_2010635491
 |- Actor Package: /Game/__ExternalActors__/FirstPerson/Maps/FirstPersonMap/2/I2/ZVRVJRM7H8F3WGA5W269H8
 |- Actor Path: /Game/FirstPerson/Maps/FirstPersonMap.FirstPersonMap:PersistentLevel.StaticMeshActor_UAID_8C47BE31D32C0FA702_2138710492
 |- Actor Package: /Game/__ExternalActors__/FirstPerson/Maps/FirstPersonMap/A/97/QI2H6LWLR2UMM89UQ67FAM
 |- Actor Path: /Game/FirstPerson/Maps/FirstPersonMap.FirstPersonMap:PersistentLevel.StaticMeshActor_UAID_8C47BE31D32C10A702_1264029669
 |- Actor Package: /Game/__ExternalActors__/FirstPerson/Maps/FirstPersonMap/5/VP/U6QC7KGPVCQJTD67B2RQVU
 |- Actor Path: /Game/FirstPerson/Maps/FirstPersonMap.FirstPersonMap:PersistentLevel.StaticMeshActor_UAID_8C47BE31D32C10A702_1376463671
 |- Actor Package: /Game/__ExternalActors__/FirstPerson/Maps/FirstPersonMap/3/SK/P1UR47YLILU1TL0H8JSCIZ
 |- Actor Path: /Game/FirstPerson/Maps/FirstPersonMap.FirstPersonMap:PersistentLevel.StaticMeshActor_UAID_8C47BE31D32C10A702_1384501672
 |- Actor Package: /Game/__ExternalActors__/FirstPerson/Maps/FirstPersonMap/9/9U/05ANBBL6R82V6N4QI1GE63
 |- Actor Path: /Game/FirstPerson/Maps/FirstPersonMap.FirstPersonMap:PersistentLevel.StaticMeshActor_UAID_8C47BE31D32C10A702_1732420678
 |- Actor Package: /Game/__ExternalActors__/FirstPerson/Maps/FirstPersonMap/0/OT/IML52QZGZ4AMRSC44GQWCU
 |- Actor Path: /Game/FirstPerson/Maps/FirstPersonMap.FirstPersonMap:PersistentLevel.StaticMeshActor_UAID_8C47BE31D32C14A702_1455903367
 |- Actor Package: /Game/__ExternalActors__/FirstPerson/Maps/FirstPersonMap/C/FS/BWCWU5MQRCJ2GIX9I7RRBY
 |- Actor Path: /Game/FirstPerson/Maps/FirstPersonMap.FirstPersonMap:PersistentLevel.StaticMeshActor_UAID_8C47BE31D32C14A702_1475467368
 |- Actor Package: /Game/__ExternalActors__/FirstPerson/Maps/FirstPersonMap/0/BY/GL9MI4R8I955679SRG3QX9
 |- Actor Path: /Game/FirstPerson/Maps/FirstPersonMap.FirstPersonMap:PersistentLevel.StaticMeshActor_UAID_8C47BE31D32C14A702_1902098369
 |- Actor Package: /Game/__ExternalActors__/FirstPerson/Maps/FirstPersonMap/E/90/5A69PZCC55KCZEHO9PXN20
 |- Actor Path: /Game/FirstPerson/Maps/FirstPersonMap.FirstPersonMap:PersistentLevel.StaticMeshActor_UAID_8C47BE31D32C14A702_1932156370
 |- Actor Package: /Game/__ExternalActors__/FirstPerson/Maps/FirstPersonMap/E/L0/COK4110ICYSGVYY9CYLCAQ
 |- Actor Path: /Game/FirstPerson/Maps/FirstPersonMap.FirstPersonMap:PersistentLevel.StaticMeshActor_UAID_8C47BE31D32C15A702_1881581547
 |- Actor Package: /Game/__ExternalActors__/FirstPerson/Maps/FirstPersonMap/4/AK/TQ84VRZSCBVHD4Y3XRFWKU
 |- Actor Path: /Game/FirstPerson/Maps/FirstPersonMap.FirstPersonMap:PersistentLevel.StaticMeshActor_UAID_8C47BE31D32C16A702_1836669728
 |- Actor Package: /Game/__ExternalActors__/FirstPerson/Maps/FirstPersonMap/E/O2/WRMEAOXS9IFY5I9KAS1FO3
 |- Actor Path: /Game/FirstPerson/Maps/FirstPersonMap.FirstPersonMap:PersistentLevel.StaticMeshActor_UAID_8C47BE31D32CB5A602_1707000647
 |- Actor Package: /Game/__ExternalActors__/FirstPerson/Maps/FirstPersonMap/1/0H/TPEW604L8LXB51C3KS6N05
 |- Actor Path: /Game/FirstPerson/Maps/FirstPersonMap.FirstPersonMap:PersistentLevel.StaticMeshActor_UAID_8C47BE31D32CD0A602_1281135399
 |- Actor Package: /Game/__ExternalActors__/FirstPerson/Maps/FirstPersonMap/7/C4/WSS4RNB68CDP91CYHQ44F3
 |- Actor Path: /Game/FirstPerson/Maps/FirstPersonMap.FirstPersonMap:PersistentLevel.StaticMeshActor_UAID_8C47BE31D32CD0A602_1297663400
 |- Actor Package: /Game/__ExternalActors__/FirstPerson/Maps/FirstPersonMap/7/2V/PWWNV5399WZG7FK76AC09A
 |- Actor Path: /Game/FirstPerson/Maps/FirstPersonMap.FirstPersonMap:PersistentLevel.StaticMeshActor_UAID_8C47BE31D32CD0A602_1525067399
 |- Actor Package: /Game/__ExternalActors__/FirstPerson/Maps/FirstPersonMap/1/FZ/IHC5QR42IXEGTFR0M4T3PH
 |- Actor Path: /Game/FirstPerson/Maps/FirstPersonMap.FirstPersonMap:PersistentLevel.StaticMeshActor_UAID_8C47BE31D32CD0A602_1892290400
 |- Actor Package: /Game/__ExternalActors__/FirstPerson/Maps/FirstPersonMap/D/2N/ED8BGWVIO3ZY1E9ZVSXOI0
 |- Actor Path: /Game/FirstPerson/Maps/FirstPersonMap.FirstPersonMap:PersistentLevel.StaticMeshActor_UAID_8C47BE31D32CDAA602_1902103160
 |- Actor Package: /Game/__ExternalActors__/FirstPerson/Maps/FirstPersonMap/B/JZ/AJZWWOI9SM42M311W05RBP
 |- Actor Path: /Game/FirstPerson/Maps/FirstPersonMap.FirstPersonMap:PersistentLevel.StaticMeshActor_UAID_8C47BE31D32CDBA602_1091957336
 |- Actor Package: /Game/__ExternalActors__/FirstPerson/Maps/FirstPersonMap/D/HP/QJZ9Z7S9EM0DIR5IW5O1HL
 |- Actor Path: /Game/FirstPerson/Maps/FirstPersonMap.FirstPersonMap:PersistentLevel.StaticMeshActor_UAID_8C47BE31D32CDBA602_1176352339
 |- Actor Package: /Game/__ExternalActors__/FirstPerson/Maps/FirstPersonMap/2/2I/AL3M0A7FRR4N7OPQ0KCZPJ
 |- Actor Path: /Game/FirstPerson/Maps/FirstPersonMap.FirstPersonMap:PersistentLevel.StaticMeshActor_UAID_8C47BE31D32CDBA602_1187693340
 |- Actor Package: /Game/__ExternalActors__/FirstPerson/Maps/FirstPersonMap/3/JB/MMG3A5TKTGCLQ72K9D1K7P
 |- Actor Path: /Game/FirstPerson/Maps/FirstPersonMap.FirstPersonMap:PersistentLevel.StaticMeshActor_UAID_8C47BE31D32CDCA602_1480814517
 |- Actor Package: /Game/__ExternalActors__/FirstPerson/Maps/FirstPersonMap/C/49/R53DSULP7LJ1VK91FNICN3
 |- Actor Path: /Game/FirstPerson/Maps/FirstPersonMap.FirstPersonMap:PersistentLevel.StaticMeshActor_UAID_8C47BE31D32CDCA602_1758014511
 |- Actor Package: /Game/__ExternalActors__/FirstPerson/Maps/FirstPersonMap/B/QT/0NVPBJU7LSZFE7OZN1OK86
 |- Actor Path: /Game/FirstPerson/Maps/FirstPersonMap.FirstPersonMap:PersistentLevel.StaticMeshActor_UAID_8C47BE31D32CDEA602_1348715865
 |- Actor Package: /Game/__ExternalActors__/FirstPerson/Maps/FirstPersonMap/2/OI/2BYW4RN5D9L0RDYW8T86ZW
 |- Actor Path: /Game/FirstPerson/Maps/FirstPersonMap.FirstPersonMap:PersistentLevel.StaticMeshActor_UAID_8C47BE31D32CDEA602_1673119867
 |- Actor Package: /Game/__ExternalActors__/FirstPerson/Maps/FirstPersonMap/0/7U/MUPNVWJJ324CRQSER6AHLW
 |- Actor Path: /Game/FirstPerson/Maps/FirstPersonMap.FirstPersonMap:PersistentLevel.StaticMeshActor_UAID_8C47BE31D32CDEA602_1678595868
 |- Actor Package: /Game/__ExternalActors__/FirstPerson/Maps/FirstPersonMap/2/C8/FGO7QM8F87TSWCRKMO15EW
 |- Actor Path: /Game/FirstPerson/Maps/FirstPersonMap.FirstPersonMap:PersistentLevel.StaticMeshActor_UAID_8C47BE31D32CDFA602_1502362039
 |- Actor Package: /Game/__ExternalActors__/FirstPerson/Maps/FirstPersonMap/9/CO/XI57FHTZLUVDKURFWZR1L2
 |- Actor Path: /Game/FirstPerson/Maps/FirstPersonMap.FirstPersonMap:PersistentLevel.StaticMeshActor_UAID_8C47BE31D32CE0A602_1223301216
 |- Actor Package: /Game/__ExternalActors__/FirstPerson/Maps/FirstPersonMap/D/Q7/0RNPNFCWFFV0W3W5NG93T9
 |- Actor Path: /Game/FirstPerson/Maps/FirstPersonMap.FirstPersonMap:PersistentLevel.StaticMeshActor_UAID_A4AE111137DC5EFB00_2001720423
 |- Actor Package: /Game/__ExternalActors__/FirstPerson/Maps/FirstPersonMap/C/ZU/PDQ0AB8RLNMVID876FD49G
 |- Actor Path: /Game/FirstPerson/Maps/FirstPersonMap.FirstPersonMap:PersistentLevel.StaticMeshActor_UAID_C4651605F21012A902_2101044127
 |- Actor Package: /Game/__ExternalActors__/FirstPerson/Maps/FirstPersonMap/3/0A/PX089SK1NLC3GASP5Z12G3
 |- Actor Path: /Game/FirstPerson/Maps/FirstPersonMap.FirstPersonMap:PersistentLevel.StaticMeshActor_UAID_C4651605F21013A902_1598019304
 |- Actor Package: /Game/__ExternalActors__/FirstPerson/Maps/FirstPersonMap/E/6M/K4XA49V69HVU32GQHV7O3M
 |- Actor Path: /Game/FirstPerson/Maps/FirstPersonMap.FirstPersonMap:PersistentLevel.StaticMeshActor_UAID_C4651605F21014A902_1425585481
 |- Actor Package: /Game/__ExternalActors__/FirstPerson/Maps/FirstPersonMap/C/G6/ZRRH19DPEVWDYWUIVTOAI3
 |- Actor Path: /Game/FirstPerson/Maps/FirstPersonMap.FirstPersonMap:PersistentLevel.StaticMeshActor_UAID_C4651605F21014A902_1460894482
 |- Actor Package: /Game/__ExternalActors__/FirstPerson/Maps/FirstPersonMap/A/45/9PPVW2U7B3EJ8L4XFHXKI3
 |- Actor Path: /Game/FirstPerson/Maps/FirstPersonMap.FirstPersonMap:PersistentLevel.StaticMeshActor_UAID_C4651605F2103CA902_1744321519
 |- Actor Package: /Game/__ExternalActors__/FirstPerson/Maps/FirstPersonMap/7/YL/UBMABG9A8BHXU03999ZN9N
 |- Actor Path: /Game/FirstPerson/Maps/FirstPersonMap.FirstPersonMap:PersistentLevel.StaticMeshActor_UAID_C4651605F2103CA902_1761578520
 |- Actor Package: /Game/__ExternalActors__/FirstPerson/Maps/FirstPersonMap/B/X2/F8D79JLOT64KK8APSD26NA
 |- Actor Path: /Game/FirstPerson/Maps/FirstPersonMap.FirstPersonMap:PersistentLevel.StaticMeshActor_UAID_C4651605F2103CA902_1778671521
 |- Actor Package: /Game/__ExternalActors__/FirstPerson/Maps/FirstPersonMap/5/MB/PF7ID08RNGICETEAEEGZD3
 |- Actor Path: /Game/FirstPerson/Maps/FirstPersonMap.FirstPersonMap:PersistentLevel.StaticMeshActor_UAID_C4651605F2103CA902_1837475523
 |- Actor Package: /Game/__ExternalActors__/FirstPerson/Maps/FirstPersonMap/1/E4/G9752707N64NLL5U1SIPB8
 |- Actor Path: /Game/FirstPerson/Maps/FirstPersonMap.FirstPersonMap:PersistentLevel.StaticMeshActor_UAID_C4651605F2103CA902_1865379524
 |- Actor Package: /Game/__ExternalActors__/FirstPerson/Maps/FirstPersonMap/C/SS/QX2J0QGYC5OFYLZ0QZI43Y
 |- Actor Path: /Game/FirstPerson/Maps/FirstPersonMap.FirstPersonMap:PersistentLevel.StaticMeshActor_UAID_C4651605F2103CA902_1941356525
 |- Actor Package: /Game/__ExternalActors__/FirstPerson/Maps/FirstPersonMap/8/97/SW5QWYYQN7MK871CT2J0B7
 |- Actor Path: /Game/FirstPerson/Maps/FirstPersonMap.FirstPersonMap:PersistentLevel.StaticMeshActor_UAID_C4651605F2103CA902_2010496526
 |- Actor Package: /Game/__ExternalActors__/FirstPerson/Maps/FirstPersonMap/B/S2/RQ0BH7U9WCJAG95PK7W3MJ
 |- Actor Path: /Game/FirstPerson/Maps/FirstPersonMap.FirstPersonMap:PersistentLevel.StaticMeshActor_UAID_C4651605F2103CA902_2092879527
 |- Actor Package: /Game/__ExternalActors__/FirstPerson/Maps/FirstPersonMap/3/I7/D6KCUW6S6D53RQZMESDKFS
 |- Actor Path: /Game/FirstPerson/Maps/FirstPersonMap.FirstPersonMap:PersistentLevel.StaticMeshActor_UAID_C4651605F2103DA902_1075075704
 |- Actor Package: /Game/__ExternalActors__/FirstPerson/Maps/FirstPersonMap/C/GC/8UN3PWIFU322D0HGHVCPDC
 |- Actor Path: /Game/FirstPerson/Maps/FirstPersonMap.FirstPersonMap:PersistentLevel.StaticMeshActor_UAID_C4651605F2103DA902_1237874705
 |- Actor Package: /Game/__ExternalActors__/FirstPerson/Maps/FirstPersonMap/1/O4/SK9SXW7Q0273ZUESFBO5C0
 |- Actor Path: /Game/FirstPerson/Maps/FirstPersonMap.FirstPersonMap:PersistentLevel.StaticMeshActor_UAID_C4651605F210BEA802_1189830344
 |- Actor Package: /Game/__ExternalActors__/FirstPerson/Maps/FirstPersonMap/5/20/H71RZXHAY89BLVLERZFL6U
 |- Actor Path: /Game/FirstPerson/Maps/FirstPersonMap.FirstPersonMap:PersistentLevel.StaticMeshActor_UAID_C4651605F210BEA802_1209903345
 |- Actor Package: /Game/__ExternalActors__/FirstPerson/Maps/FirstPersonMap/D/BS/HATC1NN0EGE2W04L662LW1
 |- Actor Path: /Game/FirstPerson/Maps/FirstPersonMap.FirstPersonMap:PersistentLevel.StaticMeshActor_UAID_C4651605F210BEA802_1222499346
 |- Actor Package: /Game/__ExternalActors__/FirstPerson/Maps/FirstPersonMap/E/CO/TU8VRYGN0WZ46SZZ4YGPC1
 |- Actor Path: /Game/FirstPerson/Maps/FirstPersonMap.FirstPersonMap:PersistentLevel.StaticMeshActor_UAID_C4651605F210BEA802_1267082347
 |- Actor Package: /Game/__ExternalActors__/FirstPerson/Maps/FirstPersonMap/3/V0/M4THFZPDHI2W7P26B1GVO1
 |- Actor Path: /Game/FirstPerson/Maps/FirstPersonMap.FirstPersonMap:PersistentLevel.StaticMeshActor_UAID_C4651605F210BEA802_1304440348
 |- Actor Package: /Game/__ExternalActors__/FirstPerson/Maps/FirstPersonMap/6/GZ/5F9210RZQKNQ6581JTS0LK
 |- Actor Path: /Game/FirstPerson/Maps/FirstPersonMap.FirstPersonMap:PersistentLevel.StaticMeshActor_UAID_C4651605F210BEA802_1576754350
 |- Actor Package: /Game/__ExternalActors__/FirstPerson/Maps/FirstPersonMap/5/9F/V9PGVMOIF487YGE7ZMYZ0K
 |- Actor Path: /Game/FirstPerson/Maps/FirstPersonMap.FirstPersonMap:PersistentLevel.StaticMeshActor_UAID_C4651605F210BEA802_1602142351
 |- Actor Package: /Game/__ExternalActors__/FirstPerson/Maps/FirstPersonMap/B/GQ/QV2MQ8HZLR36IXOC0MNMH9
 |- Actor Path: /Game/FirstPerson/Maps/FirstPersonMap.FirstPersonMap:PersistentLevel.StaticMeshActor_UAID_C4651605F210BEA802_1674340352
 |- Actor Package: /Game/__ExternalActors__/FirstPerson/Maps/FirstPersonMap/9/65/8VFA3ITLVMW9NZH5WZLRV2
 |- Actor Path: /Game/FirstPerson/Maps/FirstPersonMap.FirstPersonMap:PersistentLevel.StaticMeshActor_UAID_C4651605F210C1A802_1386543871
 |- Actor Package: /Game/__ExternalActors__/FirstPerson/Maps/FirstPersonMap/B/PV/SKN39GS0KBYTGZKUMLXJ8K
 |- Actor Path: /Game/FirstPerson/Maps/FirstPersonMap.FirstPersonMap:PersistentLevel.VolumetricCloud_0
 |- Actor Package: /Game/__ExternalActors__/FirstPerson/Maps/FirstPersonMap/0/GO/I8WEFD3RY9V3NVQLSU6QM4
 |- Actor Path: /Game/FirstPerson/Maps/FirstPersonMap.FirstPersonMap:PersistentLevel.WorldDataLayers
 |- Actor Package: /Game/__ExternalActors__/FirstPerson/Maps/FirstPersonMap/D/0W/E1FKEGVKGOLM7HGLQPCIPO

----------------------------------------------------------------------------------------------------------------
FirstPersonMap - Runtime Hash Set
----------------------------------------------------------------------------------------------------------------

